2023-07-01 18:08:15.674|blog-server|env_IS_UNDEFINED|INFO |background-preinit|org.hibernate.validator.internal.util.Version:<clinit>:21| - HV000001: Hibernate Validator 6.2.4.Final
2023-07-01 18:08:16.012|blog-server|env_IS_UNDEFINED|INFO |main|org.springframework.data.repository.config.RepositoryConfigurationDelegate:multipleStoresDetected:262| - Multiple Spring Data modules found, entering strict repository configuration mode
2023-07-01 18:08:16.013|blog-server|env_IS_UNDEFINED|INFO |main|org.springframework.data.repository.config.RepositoryConfigurationDelegate:registerRepositoriesIn:132| - Bootstrapping Spring Data JDBC repositories in DEFAULT mode.
2023-07-01 18:08:16.021|blog-server|env_IS_UNDEFINED|INFO |main|org.springframework.data.repository.config.RepositoryConfigurationDelegate:registerRepositoriesIn:201| - Finished Spring Data repository scanning in 6 ms. Found 0 JDBC repository interfaces.
2023-07-01 18:08:16.029|blog-server|env_IS_UNDEFINED|INFO |main|org.springframework.data.repository.config.RepositoryConfigurationDelegate:multipleStoresDetected:262| - Multiple Spring Data modules found, entering strict repository configuration mode
2023-07-01 18:08:16.030|blog-server|env_IS_UNDEFINED|INFO |main|org.springframework.data.repository.config.RepositoryConfigurationDelegate:registerRepositoriesIn:132| - Bootstrapping Spring Data Redis repositories in DEFAULT mode.
2023-07-01 18:08:16.036|blog-server|env_IS_UNDEFINED|INFO |main|org.springframework.data.repository.config.RepositoryConfigurationDelegate:registerRepositoriesIn:201| - Finished Spring Data repository scanning in 2 ms. Found 0 Redis repository interfaces.
2023-07-01 18:08:16.423|blog-server|env_IS_UNDEFINED|WARN |main|com.baomidou.mybatisplus.core.metadata.TableInfoHelper:initTableFields:342| - Can not find table primary key in Class: "com.blog.common.entity.ArticleCollection".
2023-07-01 18:08:16.425|blog-server|env_IS_UNDEFINED|WARN |main|com.baomidou.mybatisplus.core.injector.DefaultSqlInjector:getMethodList:56| - class com.blog.common.entity.ArticleCollection ,Not found @TableId annotation, Cannot use Mybatis-Plus 'xxById' Method.
2023-07-01 18:08:16.451|blog-server|env_IS_UNDEFINED|WARN |main|com.baomidou.mybatisplus.core.metadata.TableInfoHelper:initTableFields:342| - Can not find table primary key in Class: "com.blog.common.entity.ArticleComment".
2023-07-01 18:08:16.451|blog-server|env_IS_UNDEFINED|WARN |main|com.baomidou.mybatisplus.core.injector.DefaultSqlInjector:getMethodList:56| - class com.blog.common.entity.ArticleComment ,Not found @TableId annotation, Cannot use Mybatis-Plus 'xxById' Method.
2023-07-01 18:08:16.464|blog-server|env_IS_UNDEFINED|WARN |main|com.baomidou.mybatisplus.core.metadata.TableInfoHelper:initTableFields:342| - Can not find table primary key in Class: "com.blog.common.entity.ArticleLike".
2023-07-01 18:08:16.465|blog-server|env_IS_UNDEFINED|WARN |main|com.baomidou.mybatisplus.core.injector.DefaultSqlInjector:getMethodList:56| - class com.blog.common.entity.ArticleLike ,Not found @TableId annotation, Cannot use Mybatis-Plus 'xxById' Method.
2023-07-01 18:08:16.508|blog-server|env_IS_UNDEFINED|WARN |main|com.baomidou.mybatisplus.core.metadata.TableInfoHelper:initTableFields:342| - Can not find table primary key in Class: "com.blog.common.entity.ArticleTag".
2023-07-01 18:08:16.508|blog-server|env_IS_UNDEFINED|WARN |main|com.baomidou.mybatisplus.core.injector.DefaultSqlInjector:getMethodList:56| - class com.blog.common.entity.ArticleTag ,Not found @TableId annotation, Cannot use Mybatis-Plus 'xxById' Method.
2023-07-01 18:08:17.162|blog-server|env_IS_UNDEFINED|INFO |main|com.zaxxer.hikari.HikariDataSource:getConnection:110| - HikariCP-financial - Starting...
2023-07-01 18:08:17.363|blog-server|env_IS_UNDEFINED|INFO |main|com.zaxxer.hikari.HikariDataSource:getConnection:123| - HikariCP-financial - Start completed.
2023-07-01 18:08:35.290|blog-server|env_IS_UNDEFINED|INFO |SpringApplicationShutdownHook|com.zaxxer.hikari.HikariDataSource:close:350| - HikariCP-financial - Shutdown initiated...
2023-07-01 18:08:35.296|blog-server|env_IS_UNDEFINED|INFO |SpringApplicationShutdownHook|com.zaxxer.hikari.HikariDataSource:close:352| - HikariCP-financial - Shutdown completed.
2023-07-01 18:08:36.946|blog-server|env_IS_UNDEFINED|INFO |background-preinit|org.hibernate.validator.internal.util.Version:<clinit>:21| - HV000001: Hibernate Validator 6.2.4.Final
2023-07-01 18:08:37.303|blog-server|env_IS_UNDEFINED|INFO |main|org.springframework.data.repository.config.RepositoryConfigurationDelegate:multipleStoresDetected:262| - Multiple Spring Data modules found, entering strict repository configuration mode
2023-07-01 18:08:37.303|blog-server|env_IS_UNDEFINED|INFO |main|org.springframework.data.repository.config.RepositoryConfigurationDelegate:registerRepositoriesIn:132| - Bootstrapping Spring Data JDBC repositories in DEFAULT mode.
2023-07-01 18:08:37.312|blog-server|env_IS_UNDEFINED|INFO |main|org.springframework.data.repository.config.RepositoryConfigurationDelegate:registerRepositoriesIn:201| - Finished Spring Data repository scanning in 6 ms. Found 0 JDBC repository interfaces.
2023-07-01 18:08:37.319|blog-server|env_IS_UNDEFINED|INFO |main|org.springframework.data.repository.config.RepositoryConfigurationDelegate:multipleStoresDetected:262| - Multiple Spring Data modules found, entering strict repository configuration mode
2023-07-01 18:08:37.320|blog-server|env_IS_UNDEFINED|INFO |main|org.springframework.data.repository.config.RepositoryConfigurationDelegate:registerRepositoriesIn:132| - Bootstrapping Spring Data Redis repositories in DEFAULT mode.
2023-07-01 18:08:37.326|blog-server|env_IS_UNDEFINED|INFO |main|org.springframework.data.repository.config.RepositoryConfigurationDelegate:registerRepositoriesIn:201| - Finished Spring Data repository scanning in 2 ms. Found 0 Redis repository interfaces.
2023-07-01 18:08:37.720|blog-server|env_IS_UNDEFINED|WARN |main|com.baomidou.mybatisplus.core.metadata.TableInfoHelper:initTableFields:342| - Can not find table primary key in Class: "com.blog.common.entity.ArticleCollection".
2023-07-01 18:08:37.723|blog-server|env_IS_UNDEFINED|WARN |main|com.baomidou.mybatisplus.core.injector.DefaultSqlInjector:getMethodList:56| - class com.blog.common.entity.ArticleCollection ,Not found @TableId annotation, Cannot use Mybatis-Plus 'xxById' Method.
2023-07-01 18:08:37.751|blog-server|env_IS_UNDEFINED|WARN |main|com.baomidou.mybatisplus.core.metadata.TableInfoHelper:initTableFields:342| - Can not find table primary key in Class: "com.blog.common.entity.ArticleComment".
2023-07-01 18:08:37.751|blog-server|env_IS_UNDEFINED|WARN |main|com.baomidou.mybatisplus.core.injector.DefaultSqlInjector:getMethodList:56| - class com.blog.common.entity.ArticleComment ,Not found @TableId annotation, Cannot use Mybatis-Plus 'xxById' Method.
2023-07-01 18:08:37.767|blog-server|env_IS_UNDEFINED|WARN |main|com.baomidou.mybatisplus.core.metadata.TableInfoHelper:initTableFields:342| - Can not find table primary key in Class: "com.blog.common.entity.ArticleLike".
2023-07-01 18:08:37.768|blog-server|env_IS_UNDEFINED|WARN |main|com.baomidou.mybatisplus.core.injector.DefaultSqlInjector:getMethodList:56| - class com.blog.common.entity.ArticleLike ,Not found @TableId annotation, Cannot use Mybatis-Plus 'xxById' Method.
2023-07-01 18:08:37.808|blog-server|env_IS_UNDEFINED|WARN |main|com.baomidou.mybatisplus.core.metadata.TableInfoHelper:initTableFields:342| - Can not find table primary key in Class: "com.blog.common.entity.ArticleTag".
2023-07-01 18:08:37.809|blog-server|env_IS_UNDEFINED|WARN |main|com.baomidou.mybatisplus.core.injector.DefaultSqlInjector:getMethodList:56| - class com.blog.common.entity.ArticleTag ,Not found @TableId annotation, Cannot use Mybatis-Plus 'xxById' Method.
2023-07-01 18:08:38.521|blog-server|env_IS_UNDEFINED|INFO |main|com.zaxxer.hikari.HikariDataSource:getConnection:110| - HikariCP-financial - Starting...
2023-07-01 18:08:38.737|blog-server|env_IS_UNDEFINED|INFO |main|com.zaxxer.hikari.HikariDataSource:getConnection:123| - HikariCP-financial - Start completed.
2023-07-01 18:08:54.470|blog-server|env_IS_UNDEFINED|INFO |SpringApplicationShutdownHook|com.zaxxer.hikari.HikariDataSource:close:350| - HikariCP-financial - Shutdown initiated...
2023-07-01 18:08:54.474|blog-server|env_IS_UNDEFINED|INFO |SpringApplicationShutdownHook|com.zaxxer.hikari.HikariDataSource:close:352| - HikariCP-financial - Shutdown completed.
2023-07-01 18:10:05.189|blog-server|env_IS_UNDEFINED|INFO |background-preinit|org.hibernate.validator.internal.util.Version:<clinit>:21| - HV000001: Hibernate Validator 6.2.4.Final
2023-07-01 18:10:05.502|blog-server|env_IS_UNDEFINED|INFO |main|org.springframework.data.repository.config.RepositoryConfigurationDelegate:multipleStoresDetected:262| - Multiple Spring Data modules found, entering strict repository configuration mode
2023-07-01 18:10:05.503|blog-server|env_IS_UNDEFINED|INFO |main|org.springframework.data.repository.config.RepositoryConfigurationDelegate:registerRepositoriesIn:132| - Bootstrapping Spring Data JDBC repositories in DEFAULT mode.
2023-07-01 18:10:05.511|blog-server|env_IS_UNDEFINED|INFO |main|org.springframework.data.repository.config.RepositoryConfigurationDelegate:registerRepositoriesIn:201| - Finished Spring Data repository scanning in 6 ms. Found 0 JDBC repository interfaces.
2023-07-01 18:10:05.520|blog-server|env_IS_UNDEFINED|INFO |main|org.springframework.data.repository.config.RepositoryConfigurationDelegate:multipleStoresDetected:262| - Multiple Spring Data modules found, entering strict repository configuration mode
2023-07-01 18:10:05.521|blog-server|env_IS_UNDEFINED|INFO |main|org.springframework.data.repository.config.RepositoryConfigurationDelegate:registerRepositoriesIn:132| - Bootstrapping Spring Data Redis repositories in DEFAULT mode.
2023-07-01 18:10:05.527|blog-server|env_IS_UNDEFINED|INFO |main|org.springframework.data.repository.config.RepositoryConfigurationDelegate:registerRepositoriesIn:201| - Finished Spring Data repository scanning in 2 ms. Found 0 Redis repository interfaces.
2023-07-01 18:10:05.884|blog-server|env_IS_UNDEFINED|WARN |main|com.baomidou.mybatisplus.core.metadata.TableInfoHelper:initTableFields:342| - Can not find table primary key in Class: "com.blog.common.entity.ArticleCollection".
2023-07-01 18:10:05.887|blog-server|env_IS_UNDEFINED|WARN |main|com.baomidou.mybatisplus.core.injector.DefaultSqlInjector:getMethodList:56| - class com.blog.common.entity.ArticleCollection ,Not found @TableId annotation, Cannot use Mybatis-Plus 'xxById' Method.
2023-07-01 18:10:05.915|blog-server|env_IS_UNDEFINED|WARN |main|com.baomidou.mybatisplus.core.metadata.TableInfoHelper:initTableFields:342| - Can not find table primary key in Class: "com.blog.common.entity.ArticleComment".
2023-07-01 18:10:05.915|blog-server|env_IS_UNDEFINED|WARN |main|com.baomidou.mybatisplus.core.injector.DefaultSqlInjector:getMethodList:56| - class com.blog.common.entity.ArticleComment ,Not found @TableId annotation, Cannot use Mybatis-Plus 'xxById' Method.
2023-07-01 18:10:05.930|blog-server|env_IS_UNDEFINED|WARN |main|com.baomidou.mybatisplus.core.metadata.TableInfoHelper:initTableFields:342| - Can not find table primary key in Class: "com.blog.common.entity.ArticleLike".
2023-07-01 18:10:05.930|blog-server|env_IS_UNDEFINED|WARN |main|com.baomidou.mybatisplus.core.injector.DefaultSqlInjector:getMethodList:56| - class com.blog.common.entity.ArticleLike ,Not found @TableId annotation, Cannot use Mybatis-Plus 'xxById' Method.
2023-07-01 18:10:05.975|blog-server|env_IS_UNDEFINED|WARN |main|com.baomidou.mybatisplus.core.metadata.TableInfoHelper:initTableFields:342| - Can not find table primary key in Class: "com.blog.common.entity.ArticleTag".
2023-07-01 18:10:05.976|blog-server|env_IS_UNDEFINED|WARN |main|com.baomidou.mybatisplus.core.injector.DefaultSqlInjector:getMethodList:56| - class com.blog.common.entity.ArticleTag ,Not found @TableId annotation, Cannot use Mybatis-Plus 'xxById' Method.
2023-07-01 18:10:06.597|blog-server|env_IS_UNDEFINED|INFO |main|com.zaxxer.hikari.HikariDataSource:getConnection:110| - HikariCP-financial - Starting...
2023-07-01 18:10:06.803|blog-server|env_IS_UNDEFINED|INFO |main|com.zaxxer.hikari.HikariDataSource:getConnection:123| - HikariCP-financial - Start completed.
2023-07-01 18:10:14.185|blog-server|env_IS_UNDEFINED|INFO |SpringApplicationShutdownHook|com.zaxxer.hikari.HikariDataSource:close:350| - HikariCP-financial - Shutdown initiated...
2023-07-01 18:10:14.190|blog-server|env_IS_UNDEFINED|INFO |SpringApplicationShutdownHook|com.zaxxer.hikari.HikariDataSource:close:352| - HikariCP-financial - Shutdown completed.
2023-07-01 18:10:40.803|blog-server|env_IS_UNDEFINED|INFO |background-preinit|org.hibernate.validator.internal.util.Version:<clinit>:21| - HV000001: Hibernate Validator 6.2.4.Final
2023-07-01 18:10:41.120|blog-server|env_IS_UNDEFINED|INFO |main|org.springframework.data.repository.config.RepositoryConfigurationDelegate:multipleStoresDetected:262| - Multiple Spring Data modules found, entering strict repository configuration mode
2023-07-01 18:10:41.125|blog-server|env_IS_UNDEFINED|INFO |main|org.springframework.data.repository.config.RepositoryConfigurationDelegate:registerRepositoriesIn:132| - Bootstrapping Spring Data JDBC repositories in DEFAULT mode.
2023-07-01 18:10:41.133|blog-server|env_IS_UNDEFINED|INFO |main|org.springframework.data.repository.config.RepositoryConfigurationDelegate:registerRepositoriesIn:201| - Finished Spring Data repository scanning in 6 ms. Found 0 JDBC repository interfaces.
2023-07-01 18:10:41.140|blog-server|env_IS_UNDEFINED|INFO |main|org.springframework.data.repository.config.RepositoryConfigurationDelegate:multipleStoresDetected:262| - Multiple Spring Data modules found, entering strict repository configuration mode
2023-07-01 18:10:41.141|blog-server|env_IS_UNDEFINED|INFO |main|org.springframework.data.repository.config.RepositoryConfigurationDelegate:registerRepositoriesIn:132| - Bootstrapping Spring Data Redis repositories in DEFAULT mode.
2023-07-01 18:10:41.147|blog-server|env_IS_UNDEFINED|INFO |main|org.springframework.data.repository.config.RepositoryConfigurationDelegate:registerRepositoriesIn:201| - Finished Spring Data repository scanning in 2 ms. Found 0 Redis repository interfaces.
2023-07-01 18:10:41.503|blog-server|env_IS_UNDEFINED|WARN |main|com.baomidou.mybatisplus.core.metadata.TableInfoHelper:initTableFields:342| - Can not find table primary key in Class: "com.blog.common.entity.ArticleCollection".
2023-07-01 18:10:41.506|blog-server|env_IS_UNDEFINED|WARN |main|com.baomidou.mybatisplus.core.injector.DefaultSqlInjector:getMethodList:56| - class com.blog.common.entity.ArticleCollection ,Not found @TableId annotation, Cannot use Mybatis-Plus 'xxById' Method.
2023-07-01 18:10:41.531|blog-server|env_IS_UNDEFINED|WARN |main|com.baomidou.mybatisplus.core.metadata.TableInfoHelper:initTableFields:342| - Can not find table primary key in Class: "com.blog.common.entity.ArticleComment".
2023-07-01 18:10:41.532|blog-server|env_IS_UNDEFINED|WARN |main|com.baomidou.mybatisplus.core.injector.DefaultSqlInjector:getMethodList:56| - class com.blog.common.entity.ArticleComment ,Not found @TableId annotation, Cannot use Mybatis-Plus 'xxById' Method.
2023-07-01 18:10:41.546|blog-server|env_IS_UNDEFINED|WARN |main|com.baomidou.mybatisplus.core.metadata.TableInfoHelper:initTableFields:342| - Can not find table primary key in Class: "com.blog.common.entity.ArticleLike".
2023-07-01 18:10:41.546|blog-server|env_IS_UNDEFINED|WARN |main|com.baomidou.mybatisplus.core.injector.DefaultSqlInjector:getMethodList:56| - class com.blog.common.entity.ArticleLike ,Not found @TableId annotation, Cannot use Mybatis-Plus 'xxById' Method.
2023-07-01 18:10:41.592|blog-server|env_IS_UNDEFINED|WARN |main|com.baomidou.mybatisplus.core.metadata.TableInfoHelper:initTableFields:342| - Can not find table primary key in Class: "com.blog.common.entity.ArticleTag".
2023-07-01 18:10:41.593|blog-server|env_IS_UNDEFINED|WARN |main|com.baomidou.mybatisplus.core.injector.DefaultSqlInjector:getMethodList:56| - class com.blog.common.entity.ArticleTag ,Not found @TableId annotation, Cannot use Mybatis-Plus 'xxById' Method.
2023-07-01 18:10:42.231|blog-server|env_IS_UNDEFINED|INFO |main|com.zaxxer.hikari.HikariDataSource:getConnection:110| - HikariCP-financial - Starting...
2023-07-01 18:10:42.423|blog-server|env_IS_UNDEFINED|INFO |main|com.zaxxer.hikari.HikariDataSource:getConnection:123| - HikariCP-financial - Start completed.
2023-07-01 18:10:45.421|blog-server|env_IS_UNDEFINED|INFO |SpringApplicationShutdownHook|com.zaxxer.hikari.HikariDataSource:close:350| - HikariCP-financial - Shutdown initiated...
2023-07-01 18:10:45.424|blog-server|env_IS_UNDEFINED|INFO |SpringApplicationShutdownHook|com.zaxxer.hikari.HikariDataSource:close:352| - HikariCP-financial - Shutdown completed.
2023-07-01 18:10:51.547|blog-server|env_IS_UNDEFINED|INFO |background-preinit|org.hibernate.validator.internal.util.Version:<clinit>:21| - HV000001: Hibernate Validator 6.2.4.Final
2023-07-01 18:10:51.858|blog-server|env_IS_UNDEFINED|INFO |main|org.springframework.data.repository.config.RepositoryConfigurationDelegate:multipleStoresDetected:262| - Multiple Spring Data modules found, entering strict repository configuration mode
2023-07-01 18:10:51.858|blog-server|env_IS_UNDEFINED|INFO |main|org.springframework.data.repository.config.RepositoryConfigurationDelegate:registerRepositoriesIn:132| - Bootstrapping Spring Data JDBC repositories in DEFAULT mode.
2023-07-01 18:10:51.866|blog-server|env_IS_UNDEFINED|INFO |main|org.springframework.data.repository.config.RepositoryConfigurationDelegate:registerRepositoriesIn:201| - Finished Spring Data repository scanning in 5 ms. Found 0 JDBC repository interfaces.
2023-07-01 18:10:51.872|blog-server|env_IS_UNDEFINED|INFO |main|org.springframework.data.repository.config.RepositoryConfigurationDelegate:multipleStoresDetected:262| - Multiple Spring Data modules found, entering strict repository configuration mode
2023-07-01 18:10:51.873|blog-server|env_IS_UNDEFINED|INFO |main|org.springframework.data.repository.config.RepositoryConfigurationDelegate:registerRepositoriesIn:132| - Bootstrapping Spring Data Redis repositories in DEFAULT mode.
2023-07-01 18:10:51.878|blog-server|env_IS_UNDEFINED|INFO |main|org.springframework.data.repository.config.RepositoryConfigurationDelegate:registerRepositoriesIn:201| - Finished Spring Data repository scanning in 2 ms. Found 0 Redis repository interfaces.
2023-07-01 18:10:52.220|blog-server|env_IS_UNDEFINED|WARN |main|com.baomidou.mybatisplus.core.metadata.TableInfoHelper:initTableFields:342| - Can not find table primary key in Class: "com.blog.common.entity.ArticleCollection".
2023-07-01 18:10:52.223|blog-server|env_IS_UNDEFINED|WARN |main|com.baomidou.mybatisplus.core.injector.DefaultSqlInjector:getMethodList:56| - class com.blog.common.entity.ArticleCollection ,Not found @TableId annotation, Cannot use Mybatis-Plus 'xxById' Method.
2023-07-01 18:10:52.250|blog-server|env_IS_UNDEFINED|WARN |main|com.baomidou.mybatisplus.core.metadata.TableInfoHelper:initTableFields:342| - Can not find table primary key in Class: "com.blog.common.entity.ArticleComment".
2023-07-01 18:10:52.251|blog-server|env_IS_UNDEFINED|WARN |main|com.baomidou.mybatisplus.core.injector.DefaultSqlInjector:getMethodList:56| - class com.blog.common.entity.ArticleComment ,Not found @TableId annotation, Cannot use Mybatis-Plus 'xxById' Method.
2023-07-01 18:10:52.265|blog-server|env_IS_UNDEFINED|WARN |main|com.baomidou.mybatisplus.core.metadata.TableInfoHelper:initTableFields:342| - Can not find table primary key in Class: "com.blog.common.entity.ArticleLike".
2023-07-01 18:10:52.265|blog-server|env_IS_UNDEFINED|WARN |main|com.baomidou.mybatisplus.core.injector.DefaultSqlInjector:getMethodList:56| - class com.blog.common.entity.ArticleLike ,Not found @TableId annotation, Cannot use Mybatis-Plus 'xxById' Method.
2023-07-01 18:10:52.310|blog-server|env_IS_UNDEFINED|WARN |main|com.baomidou.mybatisplus.core.metadata.TableInfoHelper:initTableFields:342| - Can not find table primary key in Class: "com.blog.common.entity.ArticleTag".
2023-07-01 18:10:52.311|blog-server|env_IS_UNDEFINED|WARN |main|com.baomidou.mybatisplus.core.injector.DefaultSqlInjector:getMethodList:56| - class com.blog.common.entity.ArticleTag ,Not found @TableId annotation, Cannot use Mybatis-Plus 'xxById' Method.
2023-07-01 18:10:52.925|blog-server|env_IS_UNDEFINED|INFO |main|com.zaxxer.hikari.HikariDataSource:getConnection:110| - HikariCP-financial - Starting...
2023-07-01 18:10:53.121|blog-server|env_IS_UNDEFINED|INFO |main|com.zaxxer.hikari.HikariDataSource:getConnection:123| - HikariCP-financial - Start completed.
2023-07-01 18:11:10.013|blog-server|env_IS_UNDEFINED|INFO |SpringApplicationShutdownHook|com.zaxxer.hikari.HikariDataSource:close:350| - HikariCP-financial - Shutdown initiated...
2023-07-01 18:11:10.018|blog-server|env_IS_UNDEFINED|INFO |SpringApplicationShutdownHook|com.zaxxer.hikari.HikariDataSource:close:352| - HikariCP-financial - Shutdown completed.
