2023-06-22 18:09:25.961|blog-server|env_IS_UNDEFINED|INFO |background-preinit|org.hibernate.validator.internal.util.Version:<clinit>:21| - HV000001: Hibernate Validator 6.2.4.Final
2023-06-22 18:09:26.342|blog-server|env_IS_UNDEFINED|INFO |main|org.springframework.data.repository.config.RepositoryConfigurationDelegate:multipleStoresDetected:262| - Multiple Spring Data modules found, entering strict repository configuration mode
2023-06-22 18:09:26.342|blog-server|env_IS_UNDEFINED|INFO |main|org.springframework.data.repository.config.RepositoryConfigurationDelegate:registerRepositoriesIn:132| - Bootstrapping Spring Data JDBC repositories in DEFAULT mode.
2023-06-22 18:09:26.350|blog-server|env_IS_UNDEFINED|INFO |main|org.springframework.data.repository.config.RepositoryConfigurationDelegate:registerRepositoriesIn:201| - Finished Spring Data repository scanning in 5 ms. Found 0 JDBC repository interfaces.
2023-06-22 18:09:26.357|blog-server|env_IS_UNDEFINED|INFO |main|org.springframework.data.repository.config.RepositoryConfigurationDelegate:multipleStoresDetected:262| - Multiple Spring Data modules found, entering strict repository configuration mode
2023-06-22 18:09:26.357|blog-server|env_IS_UNDEFINED|INFO |main|org.springframework.data.repository.config.RepositoryConfigurationDelegate:registerRepositoriesIn:132| - Bootstrapping Spring Data Redis repositories in DEFAULT mode.
2023-06-22 18:09:26.364|blog-server|env_IS_UNDEFINED|INFO |main|org.springframework.data.repository.config.RepositoryConfigurationDelegate:registerRepositoriesIn:201| - Finished Spring Data repository scanning in 2 ms. Found 0 Redis repository interfaces.
2023-06-22 18:09:26.683|blog-server|env_IS_UNDEFINED|INFO |main|org.springframework.boot.web.embedded.tomcat.TomcatWebServer:initialize:108| - Tomcat initialized with port(s): 8080 (http)
2023-06-22 18:09:26.689|blog-server|env_IS_UNDEFINED|INFO |main|org.apache.juli.logging.DirectJDKLog:log:173| - Initializing ProtocolHandler ["http-nio-8080"]
2023-06-22 18:09:26.689|blog-server|env_IS_UNDEFINED|INFO |main|org.apache.juli.logging.DirectJDKLog:log:173| - Starting service [Tomcat]
2023-06-22 18:09:26.689|blog-server|env_IS_UNDEFINED|INFO |main|org.apache.juli.logging.DirectJDKLog:log:173| - Starting Servlet engine: [Apache Tomcat/9.0.65]
2023-06-22 18:09:26.736|blog-server|env_IS_UNDEFINED|INFO |main|org.apache.juli.logging.DirectJDKLog:log:173| - Initializing Spring embedded WebApplicationContext
2023-06-22 18:09:26.736|blog-server|env_IS_UNDEFINED|INFO |main|org.springframework.boot.web.servlet.context.ServletWebServerApplicationContext:prepareWebApplicationContext:292| - Root WebApplicationContext: initialization completed in 744 ms
2023-06-22 18:09:26.813|blog-server|env_IS_UNDEFINED|WARN |main|org.springframework.context.support.AbstractApplicationContext:refresh:591| - Exception encountered during context initialization - cancelling refresh attempt: org.springframework.beans.factory.UnsatisfiedDependencyException: Error creating bean with name 'articleController' defined in file [/Users/zhihaoyan/IdeaProjects/blog/blog-server/target/classes/com/blog/server/controller/ArticleController.class]: Unsatisfied dependency expressed through constructor parameter 0; nested exception is org.springframework.beans.factory.UnsatisfiedDependencyException: Error creating bean with name 'articleServiceImpl' defined in file [/Users/zhihaoyan/IdeaProjects/blog/blog-server/target/classes/com/blog/server/service/impl/ArticleServiceImpl.class]: Unsatisfied dependency expressed through constructor parameter 0; nested exception is org.springframework.beans.factory.BeanCreationException: Error creating bean with name 'articleMapper' defined in file [/Users/zhihaoyan/IdeaProjects/blog/blog-server/target/classes/com/blog/server/mapper/ArticleMapper.class]: Cannot resolve reference to bean 'sqlSessionTemplate' while setting bean property 'sqlSessionTemplate'; nested exception is org.springframework.beans.factory.UnsatisfiedDependencyException: Error creating bean with name 'sqlSessionTemplate' defined in class path resource [com/baomidou/mybatisplus/autoconfigure/MybatisPlusAutoConfiguration.class]: Unsatisfied dependency expressed through method 'sqlSessionTemplate' parameter 0; nested exception is org.springframework.beans.factory.UnsatisfiedDependencyException: Error creating bean with name 'sqlSessionFactory' defined in class path resource [com/baomidou/mybatisplus/autoconfigure/MybatisPlusAutoConfiguration.class]: Unsatisfied dependency expressed through method 'sqlSessionFactory' parameter 0; nested exception is org.springframework.beans.factory.BeanCreationException: Error creating bean with name 'dataSource' defined in class path resource [org/springframework/boot/autoconfigure/jdbc/DataSourceConfiguration$Hikari.class]: Bean instantiation via factory method failed; nested exception is org.springframework.beans.BeanInstantiationException: Failed to instantiate [com.zaxxer.hikari.HikariDataSource]: Factory method 'dataSource' threw exception; nested exception is org.springframework.boot.autoconfigure.jdbc.DataSourceProperties$DataSourceBeanCreationException: Failed to determine a suitable driver class
2023-06-22 18:09:26.815|blog-server|env_IS_UNDEFINED|INFO |main|org.apache.juli.logging.DirectJDKLog:log:173| - Stopping service [Tomcat]
2023-06-22 18:09:26.824|blog-server|env_IS_UNDEFINED|INFO |main|org.springframework.boot.autoconfigure.logging.ConditionEvaluationReportLoggingListener:logMessage:136| - 

Error starting ApplicationContext. To display the conditions report re-run your application with 'debug' enabled.
2023-06-22 18:09:26.836|blog-server|env_IS_UNDEFINED|ERROR|main|org.springframework.boot.diagnostics.LoggingFailureAnalysisReporter:report:40| - 

***************************
APPLICATION FAILED TO START
***************************

Description:

Failed to configure a DataSource: 'url' attribute is not specified and no embedded datasource could be configured.

Reason: Failed to determine a suitable driver class


Action:

Consider the following:
	If you want an embedded database (H2, HSQL or Derby), please put it on the classpath.
	If you have database settings to be loaded from a particular profile you may need to activate it (no profiles are currently active).

2023-06-22 18:10:02.951|blog-server|env_IS_UNDEFINED|INFO |background-preinit|org.hibernate.validator.internal.util.Version:<clinit>:21| - HV000001: Hibernate Validator 6.2.4.Final
2023-06-22 18:10:03.308|blog-server|env_IS_UNDEFINED|INFO |main|org.springframework.data.repository.config.RepositoryConfigurationDelegate:multipleStoresDetected:262| - Multiple Spring Data modules found, entering strict repository configuration mode
2023-06-22 18:10:03.309|blog-server|env_IS_UNDEFINED|INFO |main|org.springframework.data.repository.config.RepositoryConfigurationDelegate:registerRepositoriesIn:132| - Bootstrapping Spring Data JDBC repositories in DEFAULT mode.
2023-06-22 18:10:03.317|blog-server|env_IS_UNDEFINED|INFO |main|org.springframework.data.repository.config.RepositoryConfigurationDelegate:registerRepositoriesIn:201| - Finished Spring Data repository scanning in 5 ms. Found 0 JDBC repository interfaces.
2023-06-22 18:10:03.323|blog-server|env_IS_UNDEFINED|INFO |main|org.springframework.data.repository.config.RepositoryConfigurationDelegate:multipleStoresDetected:262| - Multiple Spring Data modules found, entering strict repository configuration mode
2023-06-22 18:10:03.323|blog-server|env_IS_UNDEFINED|INFO |main|org.springframework.data.repository.config.RepositoryConfigurationDelegate:registerRepositoriesIn:132| - Bootstrapping Spring Data Redis repositories in DEFAULT mode.
2023-06-22 18:10:03.329|blog-server|env_IS_UNDEFINED|INFO |main|org.springframework.data.repository.config.RepositoryConfigurationDelegate:registerRepositoriesIn:201| - Finished Spring Data repository scanning in 2 ms. Found 0 Redis repository interfaces.
2023-06-22 18:10:03.622|blog-server|env_IS_UNDEFINED|INFO |main|org.springframework.boot.web.embedded.tomcat.TomcatWebServer:initialize:108| - Tomcat initialized with port(s): 8080 (http)
2023-06-22 18:10:03.627|blog-server|env_IS_UNDEFINED|INFO |main|org.apache.juli.logging.DirectJDKLog:log:173| - Initializing ProtocolHandler ["http-nio-8080"]
2023-06-22 18:10:03.628|blog-server|env_IS_UNDEFINED|INFO |main|org.apache.juli.logging.DirectJDKLog:log:173| - Starting service [Tomcat]
2023-06-22 18:10:03.628|blog-server|env_IS_UNDEFINED|INFO |main|org.apache.juli.logging.DirectJDKLog:log:173| - Starting Servlet engine: [Apache Tomcat/9.0.65]
2023-06-22 18:10:03.667|blog-server|env_IS_UNDEFINED|INFO |main|org.apache.juli.logging.DirectJDKLog:log:173| - Initializing Spring embedded WebApplicationContext
2023-06-22 18:10:03.668|blog-server|env_IS_UNDEFINED|INFO |main|org.springframework.boot.web.servlet.context.ServletWebServerApplicationContext:prepareWebApplicationContext:292| - Root WebApplicationContext: initialization completed in 685 ms
2023-06-22 18:10:03.739|blog-server|env_IS_UNDEFINED|WARN |main|org.springframework.context.support.AbstractApplicationContext:refresh:591| - Exception encountered during context initialization - cancelling refresh attempt: org.springframework.beans.factory.UnsatisfiedDependencyException: Error creating bean with name 'articleController' defined in file [/Users/zhihaoyan/IdeaProjects/blog/blog-server/target/classes/com/blog/server/controller/ArticleController.class]: Unsatisfied dependency expressed through constructor parameter 0; nested exception is org.springframework.beans.factory.UnsatisfiedDependencyException: Error creating bean with name 'articleServiceImpl' defined in file [/Users/zhihaoyan/IdeaProjects/blog/blog-server/target/classes/com/blog/server/service/impl/ArticleServiceImpl.class]: Unsatisfied dependency expressed through constructor parameter 0; nested exception is org.springframework.beans.factory.BeanCreationException: Error creating bean with name 'articleMapper' defined in file [/Users/zhihaoyan/IdeaProjects/blog/blog-server/target/classes/com/blog/server/mapper/ArticleMapper.class]: Cannot resolve reference to bean 'sqlSessionTemplate' while setting bean property 'sqlSessionTemplate'; nested exception is org.springframework.beans.factory.UnsatisfiedDependencyException: Error creating bean with name 'sqlSessionTemplate' defined in class path resource [com/baomidou/mybatisplus/autoconfigure/MybatisPlusAutoConfiguration.class]: Unsatisfied dependency expressed through method 'sqlSessionTemplate' parameter 0; nested exception is org.springframework.beans.factory.UnsatisfiedDependencyException: Error creating bean with name 'sqlSessionFactory' defined in class path resource [com/baomidou/mybatisplus/autoconfigure/MybatisPlusAutoConfiguration.class]: Unsatisfied dependency expressed through method 'sqlSessionFactory' parameter 0; nested exception is org.springframework.beans.factory.BeanCreationException: Error creating bean with name 'dataSource' defined in class path resource [org/springframework/boot/autoconfigure/jdbc/DataSourceConfiguration$Hikari.class]: Bean instantiation via factory method failed; nested exception is org.springframework.beans.BeanInstantiationException: Failed to instantiate [com.zaxxer.hikari.HikariDataSource]: Factory method 'dataSource' threw exception; nested exception is org.springframework.boot.autoconfigure.jdbc.DataSourceProperties$DataSourceBeanCreationException: Failed to determine a suitable driver class
2023-06-22 18:10:03.740|blog-server|env_IS_UNDEFINED|INFO |main|org.apache.juli.logging.DirectJDKLog:log:173| - Stopping service [Tomcat]
2023-06-22 18:10:03.749|blog-server|env_IS_UNDEFINED|INFO |main|org.springframework.boot.autoconfigure.logging.ConditionEvaluationReportLoggingListener:logMessage:136| - 

Error starting ApplicationContext. To display the conditions report re-run your application with 'debug' enabled.
2023-06-22 18:10:03.759|blog-server|env_IS_UNDEFINED|ERROR|main|org.springframework.boot.diagnostics.LoggingFailureAnalysisReporter:report:40| - 

***************************
APPLICATION FAILED TO START
***************************

Description:

Failed to configure a DataSource: 'url' attribute is not specified and no embedded datasource could be configured.

Reason: Failed to determine a suitable driver class


Action:

Consider the following:
	If you want an embedded database (H2, HSQL or Derby), please put it on the classpath.
	If you have database settings to be loaded from a particular profile you may need to activate it (no profiles are currently active).

2023-06-22 18:10:52.151|blog-server|env_IS_UNDEFINED|INFO |background-preinit|org.hibernate.validator.internal.util.Version:<clinit>:21| - HV000001: Hibernate Validator 6.2.4.Final
2023-06-22 18:10:52.502|blog-server|env_IS_UNDEFINED|INFO |main|org.springframework.data.repository.config.RepositoryConfigurationDelegate:multipleStoresDetected:262| - Multiple Spring Data modules found, entering strict repository configuration mode
2023-06-22 18:10:52.503|blog-server|env_IS_UNDEFINED|INFO |main|org.springframework.data.repository.config.RepositoryConfigurationDelegate:registerRepositoriesIn:132| - Bootstrapping Spring Data JDBC repositories in DEFAULT mode.
2023-06-22 18:10:52.510|blog-server|env_IS_UNDEFINED|INFO |main|org.springframework.data.repository.config.RepositoryConfigurationDelegate:registerRepositoriesIn:201| - Finished Spring Data repository scanning in 5 ms. Found 0 JDBC repository interfaces.
2023-06-22 18:10:52.518|blog-server|env_IS_UNDEFINED|INFO |main|org.springframework.data.repository.config.RepositoryConfigurationDelegate:multipleStoresDetected:262| - Multiple Spring Data modules found, entering strict repository configuration mode
2023-06-22 18:10:52.518|blog-server|env_IS_UNDEFINED|INFO |main|org.springframework.data.repository.config.RepositoryConfigurationDelegate:registerRepositoriesIn:132| - Bootstrapping Spring Data Redis repositories in DEFAULT mode.
2023-06-22 18:10:52.524|blog-server|env_IS_UNDEFINED|INFO |main|org.springframework.data.repository.config.RepositoryConfigurationDelegate:registerRepositoriesIn:201| - Finished Spring Data repository scanning in 2 ms. Found 0 Redis repository interfaces.
2023-06-22 18:10:52.813|blog-server|env_IS_UNDEFINED|INFO |main|org.springframework.boot.web.embedded.tomcat.TomcatWebServer:initialize:108| - Tomcat initialized with port(s): 8080 (http)
2023-06-22 18:10:52.818|blog-server|env_IS_UNDEFINED|INFO |main|org.apache.juli.logging.DirectJDKLog:log:173| - Initializing ProtocolHandler ["http-nio-8080"]
2023-06-22 18:10:52.818|blog-server|env_IS_UNDEFINED|INFO |main|org.apache.juli.logging.DirectJDKLog:log:173| - Starting service [Tomcat]
2023-06-22 18:10:52.818|blog-server|env_IS_UNDEFINED|INFO |main|org.apache.juli.logging.DirectJDKLog:log:173| - Starting Servlet engine: [Apache Tomcat/9.0.65]
2023-06-22 18:10:52.861|blog-server|env_IS_UNDEFINED|INFO |main|org.apache.juli.logging.DirectJDKLog:log:173| - Initializing Spring embedded WebApplicationContext
2023-06-22 18:10:52.861|blog-server|env_IS_UNDEFINED|INFO |main|org.springframework.boot.web.servlet.context.ServletWebServerApplicationContext:prepareWebApplicationContext:292| - Root WebApplicationContext: initialization completed in 663 ms
2023-06-22 18:10:52.937|blog-server|env_IS_UNDEFINED|WARN |main|org.springframework.context.support.AbstractApplicationContext:refresh:591| - Exception encountered during context initialization - cancelling refresh attempt: org.springframework.beans.factory.UnsatisfiedDependencyException: Error creating bean with name 'articleController' defined in file [/Users/zhihaoyan/IdeaProjects/blog/blog-server/target/classes/com/blog/server/controller/ArticleController.class]: Unsatisfied dependency expressed through constructor parameter 0; nested exception is org.springframework.beans.factory.UnsatisfiedDependencyException: Error creating bean with name 'articleServiceImpl' defined in file [/Users/zhihaoyan/IdeaProjects/blog/blog-server/target/classes/com/blog/server/service/impl/ArticleServiceImpl.class]: Unsatisfied dependency expressed through constructor parameter 0; nested exception is org.springframework.beans.factory.BeanCreationException: Error creating bean with name 'articleMapper' defined in file [/Users/zhihaoyan/IdeaProjects/blog/blog-server/target/classes/com/blog/server/mapper/ArticleMapper.class]: Cannot resolve reference to bean 'sqlSessionTemplate' while setting bean property 'sqlSessionTemplate'; nested exception is org.springframework.beans.factory.UnsatisfiedDependencyException: Error creating bean with name 'sqlSessionTemplate' defined in class path resource [com/baomidou/mybatisplus/autoconfigure/MybatisPlusAutoConfiguration.class]: Unsatisfied dependency expressed through method 'sqlSessionTemplate' parameter 0; nested exception is org.springframework.beans.factory.UnsatisfiedDependencyException: Error creating bean with name 'sqlSessionFactory' defined in class path resource [com/baomidou/mybatisplus/autoconfigure/MybatisPlusAutoConfiguration.class]: Unsatisfied dependency expressed through method 'sqlSessionFactory' parameter 0; nested exception is org.springframework.beans.factory.BeanCreationException: Error creating bean with name 'dataSource' defined in class path resource [org/springframework/boot/autoconfigure/jdbc/DataSourceConfiguration$Hikari.class]: Bean instantiation via factory method failed; nested exception is org.springframework.beans.BeanInstantiationException: Failed to instantiate [com.zaxxer.hikari.HikariDataSource]: Factory method 'dataSource' threw exception; nested exception is org.springframework.boot.autoconfigure.jdbc.DataSourceProperties$DataSourceBeanCreationException: Failed to determine a suitable driver class
2023-06-22 18:10:52.938|blog-server|env_IS_UNDEFINED|INFO |main|org.apache.juli.logging.DirectJDKLog:log:173| - Stopping service [Tomcat]
2023-06-22 18:10:52.952|blog-server|env_IS_UNDEFINED|INFO |main|org.springframework.boot.autoconfigure.logging.ConditionEvaluationReportLoggingListener:logMessage:136| - 

Error starting ApplicationContext. To display the conditions report re-run your application with 'debug' enabled.
2023-06-22 18:10:52.966|blog-server|env_IS_UNDEFINED|ERROR|main|org.springframework.boot.diagnostics.LoggingFailureAnalysisReporter:report:40| - 

***************************
APPLICATION FAILED TO START
***************************

Description:

Failed to configure a DataSource: 'url' attribute is not specified and no embedded datasource could be configured.

Reason: Failed to determine a suitable driver class


Action:

Consider the following:
	If you want an embedded database (H2, HSQL or Derby), please put it on the classpath.
	If you have database settings to be loaded from a particular profile you may need to activate it (no profiles are currently active).

2023-06-22 18:11:21.266|blog-server|env_IS_UNDEFINED|INFO |background-preinit|org.hibernate.validator.internal.util.Version:<clinit>:21| - HV000001: Hibernate Validator 6.2.4.Final
2023-06-22 18:11:21.619|blog-server|env_IS_UNDEFINED|INFO |main|org.springframework.data.repository.config.RepositoryConfigurationDelegate:multipleStoresDetected:262| - Multiple Spring Data modules found, entering strict repository configuration mode
2023-06-22 18:11:21.620|blog-server|env_IS_UNDEFINED|INFO |main|org.springframework.data.repository.config.RepositoryConfigurationDelegate:registerRepositoriesIn:132| - Bootstrapping Spring Data JDBC repositories in DEFAULT mode.
2023-06-22 18:11:21.627|blog-server|env_IS_UNDEFINED|INFO |main|org.springframework.data.repository.config.RepositoryConfigurationDelegate:registerRepositoriesIn:201| - Finished Spring Data repository scanning in 5 ms. Found 0 JDBC repository interfaces.
2023-06-22 18:11:21.633|blog-server|env_IS_UNDEFINED|INFO |main|org.springframework.data.repository.config.RepositoryConfigurationDelegate:multipleStoresDetected:262| - Multiple Spring Data modules found, entering strict repository configuration mode
2023-06-22 18:11:21.633|blog-server|env_IS_UNDEFINED|INFO |main|org.springframework.data.repository.config.RepositoryConfigurationDelegate:registerRepositoriesIn:132| - Bootstrapping Spring Data Redis repositories in DEFAULT mode.
2023-06-22 18:11:21.639|blog-server|env_IS_UNDEFINED|INFO |main|org.springframework.data.repository.config.RepositoryConfigurationDelegate:registerRepositoriesIn:201| - Finished Spring Data repository scanning in 2 ms. Found 0 Redis repository interfaces.
2023-06-22 18:11:21.918|blog-server|env_IS_UNDEFINED|INFO |main|org.springframework.boot.web.embedded.tomcat.TomcatWebServer:initialize:108| - Tomcat initialized with port(s): 8080 (http)
2023-06-22 18:11:21.923|blog-server|env_IS_UNDEFINED|INFO |main|org.apache.juli.logging.DirectJDKLog:log:173| - Initializing ProtocolHandler ["http-nio-8080"]
2023-06-22 18:11:21.923|blog-server|env_IS_UNDEFINED|INFO |main|org.apache.juli.logging.DirectJDKLog:log:173| - Starting service [Tomcat]
2023-06-22 18:11:21.924|blog-server|env_IS_UNDEFINED|INFO |main|org.apache.juli.logging.DirectJDKLog:log:173| - Starting Servlet engine: [Apache Tomcat/9.0.65]
2023-06-22 18:11:21.963|blog-server|env_IS_UNDEFINED|INFO |main|org.apache.juli.logging.DirectJDKLog:log:173| - Initializing Spring embedded WebApplicationContext
2023-06-22 18:11:21.963|blog-server|env_IS_UNDEFINED|INFO |main|org.springframework.boot.web.servlet.context.ServletWebServerApplicationContext:prepareWebApplicationContext:292| - Root WebApplicationContext: initialization completed in 661 ms
2023-06-22 18:11:22.033|blog-server|env_IS_UNDEFINED|WARN |main|org.springframework.context.support.AbstractApplicationContext:refresh:591| - Exception encountered during context initialization - cancelling refresh attempt: org.springframework.beans.factory.UnsatisfiedDependencyException: Error creating bean with name 'articleController' defined in file [/Users/zhihaoyan/IdeaProjects/blog/blog-server/target/classes/com/blog/server/controller/ArticleController.class]: Unsatisfied dependency expressed through constructor parameter 0; nested exception is org.springframework.beans.factory.UnsatisfiedDependencyException: Error creating bean with name 'articleServiceImpl' defined in file [/Users/zhihaoyan/IdeaProjects/blog/blog-server/target/classes/com/blog/server/service/impl/ArticleServiceImpl.class]: Unsatisfied dependency expressed through constructor parameter 0; nested exception is org.springframework.beans.factory.BeanCreationException: Error creating bean with name 'articleMapper' defined in file [/Users/zhihaoyan/IdeaProjects/blog/blog-server/target/classes/com/blog/server/mapper/ArticleMapper.class]: Cannot resolve reference to bean 'sqlSessionTemplate' while setting bean property 'sqlSessionTemplate'; nested exception is org.springframework.beans.factory.UnsatisfiedDependencyException: Error creating bean with name 'sqlSessionTemplate' defined in class path resource [com/baomidou/mybatisplus/autoconfigure/MybatisPlusAutoConfiguration.class]: Unsatisfied dependency expressed through method 'sqlSessionTemplate' parameter 0; nested exception is org.springframework.beans.factory.UnsatisfiedDependencyException: Error creating bean with name 'sqlSessionFactory' defined in class path resource [com/baomidou/mybatisplus/autoconfigure/MybatisPlusAutoConfiguration.class]: Unsatisfied dependency expressed through method 'sqlSessionFactory' parameter 0; nested exception is org.springframework.beans.factory.BeanCreationException: Error creating bean with name 'dataSource' defined in class path resource [org/springframework/boot/autoconfigure/jdbc/DataSourceConfiguration$Hikari.class]: Bean instantiation via factory method failed; nested exception is org.springframework.beans.BeanInstantiationException: Failed to instantiate [com.zaxxer.hikari.HikariDataSource]: Factory method 'dataSource' threw exception; nested exception is org.springframework.boot.autoconfigure.jdbc.DataSourceProperties$DataSourceBeanCreationException: Failed to determine a suitable driver class
2023-06-22 18:11:22.034|blog-server|env_IS_UNDEFINED|INFO |main|org.apache.juli.logging.DirectJDKLog:log:173| - Stopping service [Tomcat]
2023-06-22 18:11:22.042|blog-server|env_IS_UNDEFINED|INFO |main|org.springframework.boot.autoconfigure.logging.ConditionEvaluationReportLoggingListener:logMessage:136| - 

Error starting ApplicationContext. To display the conditions report re-run your application with 'debug' enabled.
2023-06-22 18:11:22.053|blog-server|env_IS_UNDEFINED|ERROR|main|org.springframework.boot.diagnostics.LoggingFailureAnalysisReporter:report:40| - 

***************************
APPLICATION FAILED TO START
***************************

Description:

Failed to configure a DataSource: 'url' attribute is not specified and no embedded datasource could be configured.

Reason: Failed to determine a suitable driver class


Action:

Consider the following:
	If you want an embedded database (H2, HSQL or Derby), please put it on the classpath.
	If you have database settings to be loaded from a particular profile you may need to activate it (no profiles are currently active).

2023-06-22 18:11:53.793|blog-server|env_IS_UNDEFINED|INFO |background-preinit|org.hibernate.validator.internal.util.Version:<clinit>:21| - HV000001: Hibernate Validator 6.2.4.Final
2023-06-22 18:11:54.141|blog-server|env_IS_UNDEFINED|INFO |main|org.springframework.data.repository.config.RepositoryConfigurationDelegate:multipleStoresDetected:262| - Multiple Spring Data modules found, entering strict repository configuration mode
2023-06-22 18:11:54.142|blog-server|env_IS_UNDEFINED|INFO |main|org.springframework.data.repository.config.RepositoryConfigurationDelegate:registerRepositoriesIn:132| - Bootstrapping Spring Data JDBC repositories in DEFAULT mode.
2023-06-22 18:11:54.149|blog-server|env_IS_UNDEFINED|INFO |main|org.springframework.data.repository.config.RepositoryConfigurationDelegate:registerRepositoriesIn:201| - Finished Spring Data repository scanning in 5 ms. Found 0 JDBC repository interfaces.
2023-06-22 18:11:54.155|blog-server|env_IS_UNDEFINED|INFO |main|org.springframework.data.repository.config.RepositoryConfigurationDelegate:multipleStoresDetected:262| - Multiple Spring Data modules found, entering strict repository configuration mode
2023-06-22 18:11:54.155|blog-server|env_IS_UNDEFINED|INFO |main|org.springframework.data.repository.config.RepositoryConfigurationDelegate:registerRepositoriesIn:132| - Bootstrapping Spring Data Redis repositories in DEFAULT mode.
2023-06-22 18:11:54.161|blog-server|env_IS_UNDEFINED|INFO |main|org.springframework.data.repository.config.RepositoryConfigurationDelegate:registerRepositoriesIn:201| - Finished Spring Data repository scanning in 2 ms. Found 0 Redis repository interfaces.
2023-06-22 18:11:54.450|blog-server|env_IS_UNDEFINED|INFO |main|org.springframework.boot.web.embedded.tomcat.TomcatWebServer:initialize:108| - Tomcat initialized with port(s): 8080 (http)
2023-06-22 18:11:54.454|blog-server|env_IS_UNDEFINED|INFO |main|org.apache.juli.logging.DirectJDKLog:log:173| - Initializing ProtocolHandler ["http-nio-8080"]
2023-06-22 18:11:54.454|blog-server|env_IS_UNDEFINED|INFO |main|org.apache.juli.logging.DirectJDKLog:log:173| - Starting service [Tomcat]
2023-06-22 18:11:54.455|blog-server|env_IS_UNDEFINED|INFO |main|org.apache.juli.logging.DirectJDKLog:log:173| - Starting Servlet engine: [Apache Tomcat/9.0.65]
2023-06-22 18:11:54.493|blog-server|env_IS_UNDEFINED|INFO |main|org.apache.juli.logging.DirectJDKLog:log:173| - Initializing Spring embedded WebApplicationContext
2023-06-22 18:11:54.494|blog-server|env_IS_UNDEFINED|INFO |main|org.springframework.boot.web.servlet.context.ServletWebServerApplicationContext:prepareWebApplicationContext:292| - Root WebApplicationContext: initialization completed in 657 ms
2023-06-22 18:11:54.563|blog-server|env_IS_UNDEFINED|WARN |main|org.springframework.context.support.AbstractApplicationContext:refresh:591| - Exception encountered during context initialization - cancelling refresh attempt: org.springframework.beans.factory.UnsatisfiedDependencyException: Error creating bean with name 'articleController' defined in file [/Users/zhihaoyan/IdeaProjects/blog/blog-server/target/classes/com/blog/server/controller/ArticleController.class]: Unsatisfied dependency expressed through constructor parameter 0; nested exception is org.springframework.beans.factory.UnsatisfiedDependencyException: Error creating bean with name 'articleServiceImpl' defined in file [/Users/zhihaoyan/IdeaProjects/blog/blog-server/target/classes/com/blog/server/service/impl/ArticleServiceImpl.class]: Unsatisfied dependency expressed through constructor parameter 0; nested exception is org.springframework.beans.factory.BeanCreationException: Error creating bean with name 'articleMapper' defined in file [/Users/zhihaoyan/IdeaProjects/blog/blog-server/target/classes/com/blog/server/mapper/ArticleMapper.class]: Cannot resolve reference to bean 'sqlSessionTemplate' while setting bean property 'sqlSessionTemplate'; nested exception is org.springframework.beans.factory.UnsatisfiedDependencyException: Error creating bean with name 'sqlSessionTemplate' defined in class path resource [com/baomidou/mybatisplus/autoconfigure/MybatisPlusAutoConfiguration.class]: Unsatisfied dependency expressed through method 'sqlSessionTemplate' parameter 0; nested exception is org.springframework.beans.factory.UnsatisfiedDependencyException: Error creating bean with name 'sqlSessionFactory' defined in class path resource [com/baomidou/mybatisplus/autoconfigure/MybatisPlusAutoConfiguration.class]: Unsatisfied dependency expressed through method 'sqlSessionFactory' parameter 0; nested exception is org.springframework.beans.factory.UnsatisfiedDependencyException: Error creating bean with name 'dataSource' defined in class path resource [org/springframework/boot/autoconfigure/jdbc/DataSourceConfiguration$Generic.class]: Unsatisfied dependency expressed through method 'dataSource' parameter 0; nested exception is org.springframework.boot.context.properties.ConfigurationPropertiesBindException: Error creating bean with name 'spring.datasource-org.springframework.boot.autoconfigure.jdbc.DataSourceProperties': Could not bind properties to 'DataSourceProperties' : prefix=spring.datasource, ignoreInvalidFields=false, ignoreUnknownFields=true; nested exception is org.springframework.boot.context.properties.bind.BindException: Failed to bind properties under 'spring.datasource.type' to java.lang.Class<javax.sql.DataSource>
2023-06-22 18:11:54.564|blog-server|env_IS_UNDEFINED|INFO |main|org.apache.juli.logging.DirectJDKLog:log:173| - Stopping service [Tomcat]
2023-06-22 18:11:54.572|blog-server|env_IS_UNDEFINED|INFO |main|org.springframework.boot.autoconfigure.logging.ConditionEvaluationReportLoggingListener:logMessage:136| - 

Error starting ApplicationContext. To display the conditions report re-run your application with 'debug' enabled.
2023-06-22 18:11:54.580|blog-server|env_IS_UNDEFINED|ERROR|main|org.springframework.boot.diagnostics.LoggingFailureAnalysisReporter:report:40| - 

***************************
APPLICATION FAILED TO START
***************************

Description:

Failed to bind properties under 'spring.datasource.type' to java.lang.Class<javax.sql.DataSource>:

    Property: spring.datasource.type
    Value: "com.relaxer.hikari.HikariDataSource"
    Origin: class path resource [application.yml] - 21:11
    Reason: failed to convert java.lang.String to java.lang.Class<javax.sql.DataSource> (caused by java.lang.ClassNotFoundException: com.relaxer.hikari.HikariDataSource)

Action:

Update your application's configuration

2023-06-22 18:13:51.506|blog-server|env_IS_UNDEFINED|INFO |background-preinit|org.hibernate.validator.internal.util.Version:<clinit>:21| - HV000001: Hibernate Validator 6.2.4.Final
2023-06-22 18:13:51.856|blog-server|env_IS_UNDEFINED|INFO |main|org.springframework.data.repository.config.RepositoryConfigurationDelegate:multipleStoresDetected:262| - Multiple Spring Data modules found, entering strict repository configuration mode
2023-06-22 18:13:51.857|blog-server|env_IS_UNDEFINED|INFO |main|org.springframework.data.repository.config.RepositoryConfigurationDelegate:registerRepositoriesIn:132| - Bootstrapping Spring Data JDBC repositories in DEFAULT mode.
2023-06-22 18:13:51.865|blog-server|env_IS_UNDEFINED|INFO |main|org.springframework.data.repository.config.RepositoryConfigurationDelegate:registerRepositoriesIn:201| - Finished Spring Data repository scanning in 5 ms. Found 0 JDBC repository interfaces.
2023-06-22 18:13:51.871|blog-server|env_IS_UNDEFINED|INFO |main|org.springframework.data.repository.config.RepositoryConfigurationDelegate:multipleStoresDetected:262| - Multiple Spring Data modules found, entering strict repository configuration mode
2023-06-22 18:13:51.871|blog-server|env_IS_UNDEFINED|INFO |main|org.springframework.data.repository.config.RepositoryConfigurationDelegate:registerRepositoriesIn:132| - Bootstrapping Spring Data Redis repositories in DEFAULT mode.
2023-06-22 18:13:51.876|blog-server|env_IS_UNDEFINED|INFO |main|org.springframework.data.repository.config.RepositoryConfigurationDelegate:registerRepositoriesIn:201| - Finished Spring Data repository scanning in 2 ms. Found 0 Redis repository interfaces.
2023-06-22 18:13:52.174|blog-server|env_IS_UNDEFINED|INFO |main|org.springframework.boot.web.embedded.tomcat.TomcatWebServer:initialize:108| - Tomcat initialized with port(s): 8080 (http)
2023-06-22 18:13:52.179|blog-server|env_IS_UNDEFINED|INFO |main|org.apache.juli.logging.DirectJDKLog:log:173| - Initializing ProtocolHandler ["http-nio-8080"]
2023-06-22 18:13:52.180|blog-server|env_IS_UNDEFINED|INFO |main|org.apache.juli.logging.DirectJDKLog:log:173| - Starting service [Tomcat]
2023-06-22 18:13:52.180|blog-server|env_IS_UNDEFINED|INFO |main|org.apache.juli.logging.DirectJDKLog:log:173| - Starting Servlet engine: [Apache Tomcat/9.0.65]
2023-06-22 18:13:52.220|blog-server|env_IS_UNDEFINED|INFO |main|org.apache.juli.logging.DirectJDKLog:log:173| - Initializing Spring embedded WebApplicationContext
2023-06-22 18:13:52.220|blog-server|env_IS_UNDEFINED|INFO |main|org.springframework.boot.web.servlet.context.ServletWebServerApplicationContext:prepareWebApplicationContext:292| - Root WebApplicationContext: initialization completed in 668 ms
2023-06-22 18:13:52.347|blog-server|env_IS_UNDEFINED|WARN |main|com.baomidou.mybatisplus.core.metadata.TableInfoHelper:initTableFields:342| - Can not find table primary key in Class: "com.blog.common.entity.ArticleComment".
2023-06-22 18:13:52.349|blog-server|env_IS_UNDEFINED|WARN |main|com.baomidou.mybatisplus.core.injector.DefaultSqlInjector:getMethodList:56| - class com.blog.common.entity.ArticleComment ,Not found @TableId annotation, Cannot use Mybatis-Plus 'xxById' Method.
2023-06-22 18:13:52.398|blog-server|env_IS_UNDEFINED|WARN |main|com.baomidou.mybatisplus.core.metadata.TableInfoHelper:initTableFields:342| - Can not find table primary key in Class: "com.blog.common.entity.ArticleTag".
2023-06-22 18:13:52.398|blog-server|env_IS_UNDEFINED|WARN |main|com.baomidou.mybatisplus.core.injector.DefaultSqlInjector:getMethodList:56| - class com.blog.common.entity.ArticleTag ,Not found @TableId annotation, Cannot use Mybatis-Plus 'xxById' Method.
2023-06-22 18:13:52.792|blog-server|env_IS_UNDEFINED|INFO |main|com.zaxxer.hikari.HikariDataSource:getConnection:110| - HikariCP-financial - Starting...
2023-06-22 18:13:53.955|blog-server|env_IS_UNDEFINED|ERROR|main|com.zaxxer.hikari.pool.HikariPool:throwPoolInitializationException:594| - HikariCP-financial - Exception during pool initialization.
java.sql.SQLException: Access denied for user 'root'@'localhost' (using password: YES)
	at com.mysql.cj.jdbc.exceptions.SQLError.createSQLException(SQLError.java:129)
	at com.mysql.cj.jdbc.exceptions.SQLExceptionsMapping.translateException(SQLExceptionsMapping.java:122)
	at com.mysql.cj.jdbc.ConnectionImpl.createNewIO(ConnectionImpl.java:828)
	at com.mysql.cj.jdbc.ConnectionImpl.<init>(ConnectionImpl.java:448)
	at com.mysql.cj.jdbc.ConnectionImpl.getInstance(ConnectionImpl.java:241)
	at com.mysql.cj.jdbc.NonRegisteringDriver.connect(NonRegisteringDriver.java:198)
	at com.zaxxer.hikari.util.DriverDataSource.getConnection(DriverDataSource.java:138)
	at com.zaxxer.hikari.pool.PoolBase.newConnection(PoolBase.java:364)
	at com.zaxxer.hikari.pool.PoolBase.newPoolEntry(PoolBase.java:206)
	at com.zaxxer.hikari.pool.HikariPool.createPoolEntry(HikariPool.java:476)
	at com.zaxxer.hikari.pool.HikariPool.checkFailFast(HikariPool.java:561)
	at com.zaxxer.hikari.pool.HikariPool.<init>(HikariPool.java:115)
	at com.zaxxer.hikari.HikariDataSource.getConnection(HikariDataSource.java:112)
	at org.springframework.jdbc.datasource.DataSourceUtils.fetchConnection(DataSourceUtils.java:159)
	at org.springframework.jdbc.datasource.DataSourceUtils.doGetConnection(DataSourceUtils.java:117)
	at org.springframework.jdbc.datasource.DataSourceUtils.getConnection(DataSourceUtils.java:80)
	at org.springframework.jdbc.core.JdbcTemplate.execute(JdbcTemplate.java:330)
	at org.springframework.data.jdbc.repository.config.DialectResolver$DefaultDialectProvider.getDialect(DialectResolver.java:108)
	at org.springframework.data.jdbc.repository.config.DialectResolver.lambda$getDialect$0(DialectResolver.java:78)
	at java.base/java.util.stream.ReferencePipeline$3$1.accept(ReferencePipeline.java:197)
	at java.base/java.util.ArrayList$ArrayListSpliterator.tryAdvance(ArrayList.java:1602)
	at java.base/java.util.stream.ReferencePipeline.forEachWithCancel(ReferencePipeline.java:129)
	at java.base/java.util.stream.AbstractPipeline.copyIntoWithCancel(AbstractPipeline.java:527)
	at java.base/java.util.stream.AbstractPipeline.copyInto(AbstractPipeline.java:513)
	at java.base/java.util.stream.AbstractPipeline.wrapAndCopyInto(AbstractPipeline.java:499)
	at java.base/java.util.stream.FindOps$FindOp.evaluateSequential(FindOps.java:150)
	at java.base/java.util.stream.AbstractPipeline.evaluate(AbstractPipeline.java:234)
	at java.base/java.util.stream.ReferencePipeline.findFirst(ReferencePipeline.java:647)
	at org.springframework.data.jdbc.repository.config.DialectResolver.getDialect(DialectResolver.java:80)
	at org.springframework.data.jdbc.repository.config.AbstractJdbcConfiguration.jdbcDialect(AbstractJdbcConfiguration.java:186)
	at java.base/jdk.internal.reflect.DirectMethodHandleAccessor.invoke(DirectMethodHandleAccessor.java:104)
	at java.base/java.lang.reflect.Method.invoke(Method.java:578)
	at org.springframework.beans.factory.support.SimpleInstantiationStrategy.instantiate(SimpleInstantiationStrategy.java:154)
	at org.springframework.beans.factory.support.ConstructorResolver.instantiate(ConstructorResolver.java:653)
	at org.springframework.beans.factory.support.ConstructorResolver.instantiateUsingFactoryMethod(ConstructorResolver.java:638)
	at org.springframework.beans.factory.support.AbstractAutowireCapableBeanFactory.instantiateUsingFactoryMethod(AbstractAutowireCapableBeanFactory.java:1352)
	at org.springframework.beans.factory.support.AbstractAutowireCapableBeanFactory.createBeanInstance(AbstractAutowireCapableBeanFactory.java:1195)
	at org.springframework.beans.factory.support.AbstractAutowireCapableBeanFactory.doCreateBean(AbstractAutowireCapableBeanFactory.java:582)
	at org.springframework.beans.factory.support.AbstractAutowireCapableBeanFactory.createBean(AbstractAutowireCapableBeanFactory.java:542)
	at org.springframework.beans.factory.support.AbstractBeanFactory.lambda$doGetBean$0(AbstractBeanFactory.java:335)
	at org.springframework.beans.factory.support.DefaultSingletonBeanRegistry.getSingleton(DefaultSingletonBeanRegistry.java:234)
	at org.springframework.beans.factory.support.AbstractBeanFactory.doGetBean(AbstractBeanFactory.java:333)
	at org.springframework.beans.factory.support.AbstractBeanFactory.getBean(AbstractBeanFactory.java:233)
	at org.springframework.beans.factory.support.DefaultListableBeanFactory.resolveNamedBean(DefaultListableBeanFactory.java:1284)
	at org.springframework.beans.factory.support.DefaultListableBeanFactory.resolveNamedBean(DefaultListableBeanFactory.java:1245)
	at org.springframework.beans.factory.support.DefaultListableBeanFactory.resolveBean(DefaultListableBeanFactory.java:494)
	at org.springframework.beans.factory.support.DefaultListableBeanFactory.getBean(DefaultListableBeanFactory.java:349)
	at org.springframework.beans.factory.support.DefaultListableBeanFactory.getBean(DefaultListableBeanFactory.java:342)
	at org.springframework.context.support.AbstractApplicationContext.getBean(AbstractApplicationContext.java:1172)
	at org.springframework.data.jdbc.repository.config.AbstractJdbcConfiguration.jdbcCustomConversions(AbstractJdbcConfiguration.java:117)
	at java.base/jdk.internal.reflect.DirectMethodHandleAccessor.invoke(DirectMethodHandleAccessor.java:104)
	at java.base/java.lang.reflect.Method.invoke(Method.java:578)
	at org.springframework.beans.factory.support.SimpleInstantiationStrategy.instantiate(SimpleInstantiationStrategy.java:154)
	at org.springframework.beans.factory.support.ConstructorResolver.instantiate(ConstructorResolver.java:653)
	at org.springframework.beans.factory.support.ConstructorResolver.instantiateUsingFactoryMethod(ConstructorResolver.java:486)
	at org.springframework.beans.factory.support.AbstractAutowireCapableBeanFactory.instantiateUsingFactoryMethod(AbstractAutowireCapableBeanFactory.java:1352)
	at org.springframework.beans.factory.support.AbstractAutowireCapableBeanFactory.createBeanInstance(AbstractAutowireCapableBeanFactory.java:1195)
	at org.springframework.beans.factory.support.AbstractAutowireCapableBeanFactory.doCreateBean(AbstractAutowireCapableBeanFactory.java:582)
	at org.springframework.beans.factory.support.AbstractAutowireCapableBeanFactory.createBean(AbstractAutowireCapableBeanFactory.java:542)
	at org.springframework.beans.factory.support.AbstractBeanFactory.lambda$doGetBean$0(AbstractBeanFactory.java:335)
	at org.springframework.beans.factory.support.DefaultSingletonBeanRegistry.getSingleton(DefaultSingletonBeanRegistry.java:234)
	at org.springframework.beans.factory.support.AbstractBeanFactory.doGetBean(AbstractBeanFactory.java:333)
	at org.springframework.beans.factory.support.AbstractBeanFactory.getBean(AbstractBeanFactory.java:208)
	at org.springframework.beans.factory.config.DependencyDescriptor.resolveCandidate(DependencyDescriptor.java:276)
	at org.springframework.beans.factory.support.DefaultListableBeanFactory.doResolveDependency(DefaultListableBeanFactory.java:1391)
	at org.springframework.beans.factory.support.DefaultListableBeanFactory.resolveDependency(DefaultListableBeanFactory.java:1311)
	at org.springframework.beans.factory.support.ConstructorResolver.resolveAutowiredArgument(ConstructorResolver.java:887)
	at org.springframework.beans.factory.support.ConstructorResolver.createArgumentArray(ConstructorResolver.java:791)
	at org.springframework.beans.factory.support.ConstructorResolver.instantiateUsingFactoryMethod(ConstructorResolver.java:541)
	at org.springframework.beans.factory.support.AbstractAutowireCapableBeanFactory.instantiateUsingFactoryMethod(AbstractAutowireCapableBeanFactory.java:1352)
	at org.springframework.beans.factory.support.AbstractAutowireCapableBeanFactory.createBeanInstance(AbstractAutowireCapableBeanFactory.java:1195)
	at org.springframework.beans.factory.support.AbstractAutowireCapableBeanFactory.doCreateBean(AbstractAutowireCapableBeanFactory.java:582)
	at org.springframework.beans.factory.support.AbstractAutowireCapableBeanFactory.createBean(AbstractAutowireCapableBeanFactory.java:542)
	at org.springframework.beans.factory.support.AbstractBeanFactory.lambda$doGetBean$0(AbstractBeanFactory.java:335)
	at org.springframework.beans.factory.support.DefaultSingletonBeanRegistry.getSingleton(DefaultSingletonBeanRegistry.java:234)
	at org.springframework.beans.factory.support.AbstractBeanFactory.doGetBean(AbstractBeanFactory.java:333)
	at org.springframework.beans.factory.support.AbstractBeanFactory.getBean(AbstractBeanFactory.java:208)
	at org.springframework.beans.factory.support.DefaultListableBeanFactory.preInstantiateSingletons(DefaultListableBeanFactory.java:955)
	at org.springframework.context.support.AbstractApplicationContext.finishBeanFactoryInitialization(AbstractApplicationContext.java:918)
	at org.springframework.context.support.AbstractApplicationContext.refresh(AbstractApplicationContext.java:583)
	at org.springframework.boot.web.servlet.context.ServletWebServerApplicationContext.refresh(ServletWebServerApplicationContext.java:147)
	at org.springframework.boot.SpringApplication.refresh(SpringApplication.java:734)
	at org.springframework.boot.SpringApplication.refreshContext(SpringApplication.java:408)
	at org.springframework.boot.SpringApplication.run(SpringApplication.java:308)
	at org.springframework.boot.SpringApplication.run(SpringApplication.java:1306)
	at org.springframework.boot.SpringApplication.run(SpringApplication.java:1295)
	at com.blog.server.BlogServerApplication.main(BlogServerApplication.java:10)
2023-06-22 18:13:53.957|blog-server|env_IS_UNDEFINED|WARN |main|org.springframework.context.support.AbstractApplicationContext:refresh:591| - Exception encountered during context initialization - cancelling refresh attempt: org.springframework.beans.factory.UnsatisfiedDependencyException: Error creating bean with name 'jdbcMappingContext' defined in class path resource [org/springframework/boot/autoconfigure/data/jdbc/JdbcRepositoriesAutoConfiguration$SpringBootJdbcConfiguration.class]: Unsatisfied dependency expressed through method 'jdbcMappingContext' parameter 1; nested exception is org.springframework.beans.factory.BeanCreationException: Error creating bean with name 'jdbcCustomConversions' defined in class path resource [org/springframework/boot/autoconfigure/data/jdbc/JdbcRepositoriesAutoConfiguration$SpringBootJdbcConfiguration.class]: Bean instantiation via factory method failed; nested exception is org.springframework.beans.BeanInstantiationException: Failed to instantiate [org.springframework.data.jdbc.core.convert.JdbcCustomConversions]: Factory method 'jdbcCustomConversions' threw exception; nested exception is org.springframework.beans.factory.BeanCreationException: Error creating bean with name 'jdbcDialect' defined in class path resource [org/springframework/boot/autoconfigure/data/jdbc/JdbcRepositoriesAutoConfiguration$SpringBootJdbcConfiguration.class]: Bean instantiation via factory method failed; nested exception is org.springframework.beans.BeanInstantiationException: Failed to instantiate [org.springframework.data.relational.core.dialect.Dialect]: Factory method 'jdbcDialect' threw exception; nested exception is org.springframework.jdbc.CannotGetJdbcConnectionException: Failed to obtain JDBC Connection; nested exception is java.sql.SQLException: Access denied for user 'root'@'localhost' (using password: YES)
2023-06-22 18:13:53.967|blog-server|env_IS_UNDEFINED|INFO |main|org.apache.juli.logging.DirectJDKLog:log:173| - Stopping service [Tomcat]
2023-06-22 18:13:53.975|blog-server|env_IS_UNDEFINED|INFO |main|org.springframework.boot.autoconfigure.logging.ConditionEvaluationReportLoggingListener:logMessage:136| - 

Error starting ApplicationContext. To display the conditions report re-run your application with 'debug' enabled.
2023-06-22 18:13:53.984|blog-server|env_IS_UNDEFINED|ERROR|main|org.springframework.boot.SpringApplication:reportFailure:824| - Application run failed
org.springframework.beans.factory.UnsatisfiedDependencyException: Error creating bean with name 'jdbcMappingContext' defined in class path resource [org/springframework/boot/autoconfigure/data/jdbc/JdbcRepositoriesAutoConfiguration$SpringBootJdbcConfiguration.class]: Unsatisfied dependency expressed through method 'jdbcMappingContext' parameter 1; nested exception is org.springframework.beans.factory.BeanCreationException: Error creating bean with name 'jdbcCustomConversions' defined in class path resource [org/springframework/boot/autoconfigure/data/jdbc/JdbcRepositoriesAutoConfiguration$SpringBootJdbcConfiguration.class]: Bean instantiation via factory method failed; nested exception is org.springframework.beans.BeanInstantiationException: Failed to instantiate [org.springframework.data.jdbc.core.convert.JdbcCustomConversions]: Factory method 'jdbcCustomConversions' threw exception; nested exception is org.springframework.beans.factory.BeanCreationException: Error creating bean with name 'jdbcDialect' defined in class path resource [org/springframework/boot/autoconfigure/data/jdbc/JdbcRepositoriesAutoConfiguration$SpringBootJdbcConfiguration.class]: Bean instantiation via factory method failed; nested exception is org.springframework.beans.BeanInstantiationException: Failed to instantiate [org.springframework.data.relational.core.dialect.Dialect]: Factory method 'jdbcDialect' threw exception; nested exception is org.springframework.jdbc.CannotGetJdbcConnectionException: Failed to obtain JDBC Connection; nested exception is java.sql.SQLException: Access denied for user 'root'@'localhost' (using password: YES)
	at org.springframework.beans.factory.support.ConstructorResolver.createArgumentArray(ConstructorResolver.java:800)
	at org.springframework.beans.factory.support.ConstructorResolver.instantiateUsingFactoryMethod(ConstructorResolver.java:541)
	at org.springframework.beans.factory.support.AbstractAutowireCapableBeanFactory.instantiateUsingFactoryMethod(AbstractAutowireCapableBeanFactory.java:1352)
	at org.springframework.beans.factory.support.AbstractAutowireCapableBeanFactory.createBeanInstance(AbstractAutowireCapableBeanFactory.java:1195)
	at org.springframework.beans.factory.support.AbstractAutowireCapableBeanFactory.doCreateBean(AbstractAutowireCapableBeanFactory.java:582)
	at org.springframework.beans.factory.support.AbstractAutowireCapableBeanFactory.createBean(AbstractAutowireCapableBeanFactory.java:542)
	at org.springframework.beans.factory.support.AbstractBeanFactory.lambda$doGetBean$0(AbstractBeanFactory.java:335)
	at org.springframework.beans.factory.support.DefaultSingletonBeanRegistry.getSingleton(DefaultSingletonBeanRegistry.java:234)
	at org.springframework.beans.factory.support.AbstractBeanFactory.doGetBean(AbstractBeanFactory.java:333)
	at org.springframework.beans.factory.support.AbstractBeanFactory.getBean(AbstractBeanFactory.java:208)
	at org.springframework.beans.factory.support.DefaultListableBeanFactory.preInstantiateSingletons(DefaultListableBeanFactory.java:955)
	at org.springframework.context.support.AbstractApplicationContext.finishBeanFactoryInitialization(AbstractApplicationContext.java:918)
	at org.springframework.context.support.AbstractApplicationContext.refresh(AbstractApplicationContext.java:583)
	at org.springframework.boot.web.servlet.context.ServletWebServerApplicationContext.refresh(ServletWebServerApplicationContext.java:147)
	at org.springframework.boot.SpringApplication.refresh(SpringApplication.java:734)
	at org.springframework.boot.SpringApplication.refreshContext(SpringApplication.java:408)
	at org.springframework.boot.SpringApplication.run(SpringApplication.java:308)
	at org.springframework.boot.SpringApplication.run(SpringApplication.java:1306)
	at org.springframework.boot.SpringApplication.run(SpringApplication.java:1295)
	at com.blog.server.BlogServerApplication.main(BlogServerApplication.java:10)
Caused by: org.springframework.beans.factory.BeanCreationException: Error creating bean with name 'jdbcCustomConversions' defined in class path resource [org/springframework/boot/autoconfigure/data/jdbc/JdbcRepositoriesAutoConfiguration$SpringBootJdbcConfiguration.class]: Bean instantiation via factory method failed; nested exception is org.springframework.beans.BeanInstantiationException: Failed to instantiate [org.springframework.data.jdbc.core.convert.JdbcCustomConversions]: Factory method 'jdbcCustomConversions' threw exception; nested exception is org.springframework.beans.factory.BeanCreationException: Error creating bean with name 'jdbcDialect' defined in class path resource [org/springframework/boot/autoconfigure/data/jdbc/JdbcRepositoriesAutoConfiguration$SpringBootJdbcConfiguration.class]: Bean instantiation via factory method failed; nested exception is org.springframework.beans.BeanInstantiationException: Failed to instantiate [org.springframework.data.relational.core.dialect.Dialect]: Factory method 'jdbcDialect' threw exception; nested exception is org.springframework.jdbc.CannotGetJdbcConnectionException: Failed to obtain JDBC Connection; nested exception is java.sql.SQLException: Access denied for user 'root'@'localhost' (using password: YES)
	at org.springframework.beans.factory.support.ConstructorResolver.instantiate(ConstructorResolver.java:658)
	at org.springframework.beans.factory.support.ConstructorResolver.instantiateUsingFactoryMethod(ConstructorResolver.java:486)
	at org.springframework.beans.factory.support.AbstractAutowireCapableBeanFactory.instantiateUsingFactoryMethod(AbstractAutowireCapableBeanFactory.java:1352)
	at org.springframework.beans.factory.support.AbstractAutowireCapableBeanFactory.createBeanInstance(AbstractAutowireCapableBeanFactory.java:1195)
	at org.springframework.beans.factory.support.AbstractAutowireCapableBeanFactory.doCreateBean(AbstractAutowireCapableBeanFactory.java:582)
	at org.springframework.beans.factory.support.AbstractAutowireCapableBeanFactory.createBean(AbstractAutowireCapableBeanFactory.java:542)
	at org.springframework.beans.factory.support.AbstractBeanFactory.lambda$doGetBean$0(AbstractBeanFactory.java:335)
	at org.springframework.beans.factory.support.DefaultSingletonBeanRegistry.getSingleton(DefaultSingletonBeanRegistry.java:234)
	at org.springframework.beans.factory.support.AbstractBeanFactory.doGetBean(AbstractBeanFactory.java:333)
	at org.springframework.beans.factory.support.AbstractBeanFactory.getBean(AbstractBeanFactory.java:208)
	at org.springframework.beans.factory.config.DependencyDescriptor.resolveCandidate(DependencyDescriptor.java:276)
	at org.springframework.beans.factory.support.DefaultListableBeanFactory.doResolveDependency(DefaultListableBeanFactory.java:1391)
	at org.springframework.beans.factory.support.DefaultListableBeanFactory.resolveDependency(DefaultListableBeanFactory.java:1311)
	at org.springframework.beans.factory.support.ConstructorResolver.resolveAutowiredArgument(ConstructorResolver.java:887)
	at org.springframework.beans.factory.support.ConstructorResolver.createArgumentArray(ConstructorResolver.java:791)
	... 19 common frames omitted
Caused by: org.springframework.beans.BeanInstantiationException: Failed to instantiate [org.springframework.data.jdbc.core.convert.JdbcCustomConversions]: Factory method 'jdbcCustomConversions' threw exception; nested exception is org.springframework.beans.factory.BeanCreationException: Error creating bean with name 'jdbcDialect' defined in class path resource [org/springframework/boot/autoconfigure/data/jdbc/JdbcRepositoriesAutoConfiguration$SpringBootJdbcConfiguration.class]: Bean instantiation via factory method failed; nested exception is org.springframework.beans.BeanInstantiationException: Failed to instantiate [org.springframework.data.relational.core.dialect.Dialect]: Factory method 'jdbcDialect' threw exception; nested exception is org.springframework.jdbc.CannotGetJdbcConnectionException: Failed to obtain JDBC Connection; nested exception is java.sql.SQLException: Access denied for user 'root'@'localhost' (using password: YES)
	at org.springframework.beans.factory.support.SimpleInstantiationStrategy.instantiate(SimpleInstantiationStrategy.java:185)
	at org.springframework.beans.factory.support.ConstructorResolver.instantiate(ConstructorResolver.java:653)
	... 33 common frames omitted
Caused by: org.springframework.beans.factory.BeanCreationException: Error creating bean with name 'jdbcDialect' defined in class path resource [org/springframework/boot/autoconfigure/data/jdbc/JdbcRepositoriesAutoConfiguration$SpringBootJdbcConfiguration.class]: Bean instantiation via factory method failed; nested exception is org.springframework.beans.BeanInstantiationException: Failed to instantiate [org.springframework.data.relational.core.dialect.Dialect]: Factory method 'jdbcDialect' threw exception; nested exception is org.springframework.jdbc.CannotGetJdbcConnectionException: Failed to obtain JDBC Connection; nested exception is java.sql.SQLException: Access denied for user 'root'@'localhost' (using password: YES)
	at org.springframework.beans.factory.support.ConstructorResolver.instantiate(ConstructorResolver.java:658)
	at org.springframework.beans.factory.support.ConstructorResolver.instantiateUsingFactoryMethod(ConstructorResolver.java:638)
	at org.springframework.beans.factory.support.AbstractAutowireCapableBeanFactory.instantiateUsingFactoryMethod(AbstractAutowireCapableBeanFactory.java:1352)
	at org.springframework.beans.factory.support.AbstractAutowireCapableBeanFactory.createBeanInstance(AbstractAutowireCapableBeanFactory.java:1195)
	at org.springframework.beans.factory.support.AbstractAutowireCapableBeanFactory.doCreateBean(AbstractAutowireCapableBeanFactory.java:582)
	at org.springframework.beans.factory.support.AbstractAutowireCapableBeanFactory.createBean(AbstractAutowireCapableBeanFactory.java:542)
	at org.springframework.beans.factory.support.AbstractBeanFactory.lambda$doGetBean$0(AbstractBeanFactory.java:335)
	at org.springframework.beans.factory.support.DefaultSingletonBeanRegistry.getSingleton(DefaultSingletonBeanRegistry.java:234)
	at org.springframework.beans.factory.support.AbstractBeanFactory.doGetBean(AbstractBeanFactory.java:333)
	at org.springframework.beans.factory.support.AbstractBeanFactory.getBean(AbstractBeanFactory.java:233)
	at org.springframework.beans.factory.support.DefaultListableBeanFactory.resolveNamedBean(DefaultListableBeanFactory.java:1284)
	at org.springframework.beans.factory.support.DefaultListableBeanFactory.resolveNamedBean(DefaultListableBeanFactory.java:1245)
	at org.springframework.beans.factory.support.DefaultListableBeanFactory.resolveBean(DefaultListableBeanFactory.java:494)
	at org.springframework.beans.factory.support.DefaultListableBeanFactory.getBean(DefaultListableBeanFactory.java:349)
	at org.springframework.beans.factory.support.DefaultListableBeanFactory.getBean(DefaultListableBeanFactory.java:342)
	at org.springframework.context.support.AbstractApplicationContext.getBean(AbstractApplicationContext.java:1172)
	at org.springframework.data.jdbc.repository.config.AbstractJdbcConfiguration.jdbcCustomConversions(AbstractJdbcConfiguration.java:117)
	at java.base/jdk.internal.reflect.DirectMethodHandleAccessor.invoke(DirectMethodHandleAccessor.java:104)
	at java.base/java.lang.reflect.Method.invoke(Method.java:578)
	at org.springframework.beans.factory.support.SimpleInstantiationStrategy.instantiate(SimpleInstantiationStrategy.java:154)
	... 34 common frames omitted
Caused by: org.springframework.beans.BeanInstantiationException: Failed to instantiate [org.springframework.data.relational.core.dialect.Dialect]: Factory method 'jdbcDialect' threw exception; nested exception is org.springframework.jdbc.CannotGetJdbcConnectionException: Failed to obtain JDBC Connection; nested exception is java.sql.SQLException: Access denied for user 'root'@'localhost' (using password: YES)
	at org.springframework.beans.factory.support.SimpleInstantiationStrategy.instantiate(SimpleInstantiationStrategy.java:185)
	at org.springframework.beans.factory.support.ConstructorResolver.instantiate(ConstructorResolver.java:653)
	... 53 common frames omitted
Caused by: org.springframework.jdbc.CannotGetJdbcConnectionException: Failed to obtain JDBC Connection; nested exception is java.sql.SQLException: Access denied for user 'root'@'localhost' (using password: YES)
	at org.springframework.jdbc.datasource.DataSourceUtils.getConnection(DataSourceUtils.java:83)
	at org.springframework.jdbc.core.JdbcTemplate.execute(JdbcTemplate.java:330)
	at org.springframework.data.jdbc.repository.config.DialectResolver$DefaultDialectProvider.getDialect(DialectResolver.java:108)
	at org.springframework.data.jdbc.repository.config.DialectResolver.lambda$getDialect$0(DialectResolver.java:78)
	at java.base/java.util.stream.ReferencePipeline$3$1.accept(ReferencePipeline.java:197)
	at java.base/java.util.ArrayList$ArrayListSpliterator.tryAdvance(ArrayList.java:1602)
	at java.base/java.util.stream.ReferencePipeline.forEachWithCancel(ReferencePipeline.java:129)
	at java.base/java.util.stream.AbstractPipeline.copyIntoWithCancel(AbstractPipeline.java:527)
	at java.base/java.util.stream.AbstractPipeline.copyInto(AbstractPipeline.java:513)
	at java.base/java.util.stream.AbstractPipeline.wrapAndCopyInto(AbstractPipeline.java:499)
	at java.base/java.util.stream.FindOps$FindOp.evaluateSequential(FindOps.java:150)
	at java.base/java.util.stream.AbstractPipeline.evaluate(AbstractPipeline.java:234)
	at java.base/java.util.stream.ReferencePipeline.findFirst(ReferencePipeline.java:647)
	at org.springframework.data.jdbc.repository.config.DialectResolver.getDialect(DialectResolver.java:80)
	at org.springframework.data.jdbc.repository.config.AbstractJdbcConfiguration.jdbcDialect(AbstractJdbcConfiguration.java:186)
	at java.base/jdk.internal.reflect.DirectMethodHandleAccessor.invoke(DirectMethodHandleAccessor.java:104)
	at java.base/java.lang.reflect.Method.invoke(Method.java:578)
	at org.springframework.beans.factory.support.SimpleInstantiationStrategy.instantiate(SimpleInstantiationStrategy.java:154)
	... 54 common frames omitted
Caused by: java.sql.SQLException: Access denied for user 'root'@'localhost' (using password: YES)
	at com.mysql.cj.jdbc.exceptions.SQLError.createSQLException(SQLError.java:129)
	at com.mysql.cj.jdbc.exceptions.SQLExceptionsMapping.translateException(SQLExceptionsMapping.java:122)
	at com.mysql.cj.jdbc.ConnectionImpl.createNewIO(ConnectionImpl.java:828)
	at com.mysql.cj.jdbc.ConnectionImpl.<init>(ConnectionImpl.java:448)
	at com.mysql.cj.jdbc.ConnectionImpl.getInstance(ConnectionImpl.java:241)
	at com.mysql.cj.jdbc.NonRegisteringDriver.connect(NonRegisteringDriver.java:198)
	at com.zaxxer.hikari.util.DriverDataSource.getConnection(DriverDataSource.java:138)
	at com.zaxxer.hikari.pool.PoolBase.newConnection(PoolBase.java:364)
	at com.zaxxer.hikari.pool.PoolBase.newPoolEntry(PoolBase.java:206)
	at com.zaxxer.hikari.pool.HikariPool.createPoolEntry(HikariPool.java:476)
	at com.zaxxer.hikari.pool.HikariPool.checkFailFast(HikariPool.java:561)
	at com.zaxxer.hikari.pool.HikariPool.<init>(HikariPool.java:115)
	at com.zaxxer.hikari.HikariDataSource.getConnection(HikariDataSource.java:112)
	at org.springframework.jdbc.datasource.DataSourceUtils.fetchConnection(DataSourceUtils.java:159)
	at org.springframework.jdbc.datasource.DataSourceUtils.doGetConnection(DataSourceUtils.java:117)
	at org.springframework.jdbc.datasource.DataSourceUtils.getConnection(DataSourceUtils.java:80)
	... 71 common frames omitted
2023-06-22 18:14:03.463|blog-server|env_IS_UNDEFINED|INFO |background-preinit|org.hibernate.validator.internal.util.Version:<clinit>:21| - HV000001: Hibernate Validator 6.2.4.Final
2023-06-22 18:14:03.836|blog-server|env_IS_UNDEFINED|INFO |main|org.springframework.data.repository.config.RepositoryConfigurationDelegate:multipleStoresDetected:262| - Multiple Spring Data modules found, entering strict repository configuration mode
2023-06-22 18:14:03.837|blog-server|env_IS_UNDEFINED|INFO |main|org.springframework.data.repository.config.RepositoryConfigurationDelegate:registerRepositoriesIn:132| - Bootstrapping Spring Data JDBC repositories in DEFAULT mode.
2023-06-22 18:14:03.844|blog-server|env_IS_UNDEFINED|INFO |main|org.springframework.data.repository.config.RepositoryConfigurationDelegate:registerRepositoriesIn:201| - Finished Spring Data repository scanning in 5 ms. Found 0 JDBC repository interfaces.
2023-06-22 18:14:03.851|blog-server|env_IS_UNDEFINED|INFO |main|org.springframework.data.repository.config.RepositoryConfigurationDelegate:multipleStoresDetected:262| - Multiple Spring Data modules found, entering strict repository configuration mode
2023-06-22 18:14:03.852|blog-server|env_IS_UNDEFINED|INFO |main|org.springframework.data.repository.config.RepositoryConfigurationDelegate:registerRepositoriesIn:132| - Bootstrapping Spring Data Redis repositories in DEFAULT mode.
2023-06-22 18:14:03.858|blog-server|env_IS_UNDEFINED|INFO |main|org.springframework.data.repository.config.RepositoryConfigurationDelegate:registerRepositoriesIn:201| - Finished Spring Data repository scanning in 2 ms. Found 0 Redis repository interfaces.
2023-06-22 18:14:04.190|blog-server|env_IS_UNDEFINED|INFO |main|org.springframework.boot.web.embedded.tomcat.TomcatWebServer:initialize:108| - Tomcat initialized with port(s): 8080 (http)
2023-06-22 18:14:04.195|blog-server|env_IS_UNDEFINED|INFO |main|org.apache.juli.logging.DirectJDKLog:log:173| - Initializing ProtocolHandler ["http-nio-8080"]
2023-06-22 18:14:04.196|blog-server|env_IS_UNDEFINED|INFO |main|org.apache.juli.logging.DirectJDKLog:log:173| - Starting service [Tomcat]
2023-06-22 18:14:04.196|blog-server|env_IS_UNDEFINED|INFO |main|org.apache.juli.logging.DirectJDKLog:log:173| - Starting Servlet engine: [Apache Tomcat/9.0.65]
2023-06-22 18:14:04.243|blog-server|env_IS_UNDEFINED|INFO |main|org.apache.juli.logging.DirectJDKLog:log:173| - Initializing Spring embedded WebApplicationContext
2023-06-22 18:14:04.244|blog-server|env_IS_UNDEFINED|INFO |main|org.springframework.boot.web.servlet.context.ServletWebServerApplicationContext:prepareWebApplicationContext:292| - Root WebApplicationContext: initialization completed in 738 ms
2023-06-22 18:14:04.381|blog-server|env_IS_UNDEFINED|WARN |main|com.baomidou.mybatisplus.core.metadata.TableInfoHelper:initTableFields:342| - Can not find table primary key in Class: "com.blog.common.entity.ArticleComment".
2023-06-22 18:14:04.384|blog-server|env_IS_UNDEFINED|WARN |main|com.baomidou.mybatisplus.core.injector.DefaultSqlInjector:getMethodList:56| - class com.blog.common.entity.ArticleComment ,Not found @TableId annotation, Cannot use Mybatis-Plus 'xxById' Method.
2023-06-22 18:14:04.450|blog-server|env_IS_UNDEFINED|WARN |main|com.baomidou.mybatisplus.core.metadata.TableInfoHelper:initTableFields:342| - Can not find table primary key in Class: "com.blog.common.entity.ArticleTag".
2023-06-22 18:14:04.450|blog-server|env_IS_UNDEFINED|WARN |main|com.baomidou.mybatisplus.core.injector.DefaultSqlInjector:getMethodList:56| - class com.blog.common.entity.ArticleTag ,Not found @TableId annotation, Cannot use Mybatis-Plus 'xxById' Method.
2023-06-22 18:14:04.882|blog-server|env_IS_UNDEFINED|INFO |main|com.zaxxer.hikari.HikariDataSource:getConnection:110| - HikariCP-financial - Starting...
2023-06-22 18:14:06.059|blog-server|env_IS_UNDEFINED|ERROR|main|com.zaxxer.hikari.pool.HikariPool:throwPoolInitializationException:594| - HikariCP-financial - Exception during pool initialization.
java.sql.SQLSyntaxErrorException: Unknown database 'blog'
	at com.mysql.cj.jdbc.exceptions.SQLError.createSQLException(SQLError.java:120)
	at com.mysql.cj.jdbc.exceptions.SQLExceptionsMapping.translateException(SQLExceptionsMapping.java:122)
	at com.mysql.cj.jdbc.ConnectionImpl.createNewIO(ConnectionImpl.java:828)
	at com.mysql.cj.jdbc.ConnectionImpl.<init>(ConnectionImpl.java:448)
	at com.mysql.cj.jdbc.ConnectionImpl.getInstance(ConnectionImpl.java:241)
	at com.mysql.cj.jdbc.NonRegisteringDriver.connect(NonRegisteringDriver.java:198)
	at com.zaxxer.hikari.util.DriverDataSource.getConnection(DriverDataSource.java:138)
	at com.zaxxer.hikari.pool.PoolBase.newConnection(PoolBase.java:364)
	at com.zaxxer.hikari.pool.PoolBase.newPoolEntry(PoolBase.java:206)
	at com.zaxxer.hikari.pool.HikariPool.createPoolEntry(HikariPool.java:476)
	at com.zaxxer.hikari.pool.HikariPool.checkFailFast(HikariPool.java:561)
	at com.zaxxer.hikari.pool.HikariPool.<init>(HikariPool.java:115)
	at com.zaxxer.hikari.HikariDataSource.getConnection(HikariDataSource.java:112)
	at org.springframework.jdbc.datasource.DataSourceUtils.fetchConnection(DataSourceUtils.java:159)
	at org.springframework.jdbc.datasource.DataSourceUtils.doGetConnection(DataSourceUtils.java:117)
	at org.springframework.jdbc.datasource.DataSourceUtils.getConnection(DataSourceUtils.java:80)
	at org.springframework.jdbc.core.JdbcTemplate.execute(JdbcTemplate.java:330)
	at org.springframework.data.jdbc.repository.config.DialectResolver$DefaultDialectProvider.getDialect(DialectResolver.java:108)
	at org.springframework.data.jdbc.repository.config.DialectResolver.lambda$getDialect$0(DialectResolver.java:78)
	at java.base/java.util.stream.ReferencePipeline$3$1.accept(ReferencePipeline.java:197)
	at java.base/java.util.ArrayList$ArrayListSpliterator.tryAdvance(ArrayList.java:1602)
	at java.base/java.util.stream.ReferencePipeline.forEachWithCancel(ReferencePipeline.java:129)
	at java.base/java.util.stream.AbstractPipeline.copyIntoWithCancel(AbstractPipeline.java:527)
	at java.base/java.util.stream.AbstractPipeline.copyInto(AbstractPipeline.java:513)
	at java.base/java.util.stream.AbstractPipeline.wrapAndCopyInto(AbstractPipeline.java:499)
	at java.base/java.util.stream.FindOps$FindOp.evaluateSequential(FindOps.java:150)
	at java.base/java.util.stream.AbstractPipeline.evaluate(AbstractPipeline.java:234)
	at java.base/java.util.stream.ReferencePipeline.findFirst(ReferencePipeline.java:647)
	at org.springframework.data.jdbc.repository.config.DialectResolver.getDialect(DialectResolver.java:80)
	at org.springframework.data.jdbc.repository.config.AbstractJdbcConfiguration.jdbcDialect(AbstractJdbcConfiguration.java:186)
	at java.base/jdk.internal.reflect.DirectMethodHandleAccessor.invoke(DirectMethodHandleAccessor.java:104)
	at java.base/java.lang.reflect.Method.invoke(Method.java:578)
	at org.springframework.beans.factory.support.SimpleInstantiationStrategy.instantiate(SimpleInstantiationStrategy.java:154)
	at org.springframework.beans.factory.support.ConstructorResolver.instantiate(ConstructorResolver.java:653)
	at org.springframework.beans.factory.support.ConstructorResolver.instantiateUsingFactoryMethod(ConstructorResolver.java:638)
	at org.springframework.beans.factory.support.AbstractAutowireCapableBeanFactory.instantiateUsingFactoryMethod(AbstractAutowireCapableBeanFactory.java:1352)
	at org.springframework.beans.factory.support.AbstractAutowireCapableBeanFactory.createBeanInstance(AbstractAutowireCapableBeanFactory.java:1195)
	at org.springframework.beans.factory.support.AbstractAutowireCapableBeanFactory.doCreateBean(AbstractAutowireCapableBeanFactory.java:582)
	at org.springframework.beans.factory.support.AbstractAutowireCapableBeanFactory.createBean(AbstractAutowireCapableBeanFactory.java:542)
	at org.springframework.beans.factory.support.AbstractBeanFactory.lambda$doGetBean$0(AbstractBeanFactory.java:335)
	at org.springframework.beans.factory.support.DefaultSingletonBeanRegistry.getSingleton(DefaultSingletonBeanRegistry.java:234)
	at org.springframework.beans.factory.support.AbstractBeanFactory.doGetBean(AbstractBeanFactory.java:333)
	at org.springframework.beans.factory.support.AbstractBeanFactory.getBean(AbstractBeanFactory.java:233)
	at org.springframework.beans.factory.support.DefaultListableBeanFactory.resolveNamedBean(DefaultListableBeanFactory.java:1284)
	at org.springframework.beans.factory.support.DefaultListableBeanFactory.resolveNamedBean(DefaultListableBeanFactory.java:1245)
	at org.springframework.beans.factory.support.DefaultListableBeanFactory.resolveBean(DefaultListableBeanFactory.java:494)
	at org.springframework.beans.factory.support.DefaultListableBeanFactory.getBean(DefaultListableBeanFactory.java:349)
	at org.springframework.beans.factory.support.DefaultListableBeanFactory.getBean(DefaultListableBeanFactory.java:342)
	at org.springframework.context.support.AbstractApplicationContext.getBean(AbstractApplicationContext.java:1172)
	at org.springframework.data.jdbc.repository.config.AbstractJdbcConfiguration.jdbcCustomConversions(AbstractJdbcConfiguration.java:117)
	at java.base/jdk.internal.reflect.DirectMethodHandleAccessor.invoke(DirectMethodHandleAccessor.java:104)
	at java.base/java.lang.reflect.Method.invoke(Method.java:578)
	at org.springframework.beans.factory.support.SimpleInstantiationStrategy.instantiate(SimpleInstantiationStrategy.java:154)
	at org.springframework.beans.factory.support.ConstructorResolver.instantiate(ConstructorResolver.java:653)
	at org.springframework.beans.factory.support.ConstructorResolver.instantiateUsingFactoryMethod(ConstructorResolver.java:486)
	at org.springframework.beans.factory.support.AbstractAutowireCapableBeanFactory.instantiateUsingFactoryMethod(AbstractAutowireCapableBeanFactory.java:1352)
	at org.springframework.beans.factory.support.AbstractAutowireCapableBeanFactory.createBeanInstance(AbstractAutowireCapableBeanFactory.java:1195)
	at org.springframework.beans.factory.support.AbstractAutowireCapableBeanFactory.doCreateBean(AbstractAutowireCapableBeanFactory.java:582)
	at org.springframework.beans.factory.support.AbstractAutowireCapableBeanFactory.createBean(AbstractAutowireCapableBeanFactory.java:542)
	at org.springframework.beans.factory.support.AbstractBeanFactory.lambda$doGetBean$0(AbstractBeanFactory.java:335)
	at org.springframework.beans.factory.support.DefaultSingletonBeanRegistry.getSingleton(DefaultSingletonBeanRegistry.java:234)
	at org.springframework.beans.factory.support.AbstractBeanFactory.doGetBean(AbstractBeanFactory.java:333)
	at org.springframework.beans.factory.support.AbstractBeanFactory.getBean(AbstractBeanFactory.java:208)
	at org.springframework.beans.factory.config.DependencyDescriptor.resolveCandidate(DependencyDescriptor.java:276)
	at org.springframework.beans.factory.support.DefaultListableBeanFactory.doResolveDependency(DefaultListableBeanFactory.java:1391)
	at org.springframework.beans.factory.support.DefaultListableBeanFactory.resolveDependency(DefaultListableBeanFactory.java:1311)
	at org.springframework.beans.factory.support.ConstructorResolver.resolveAutowiredArgument(ConstructorResolver.java:887)
	at org.springframework.beans.factory.support.ConstructorResolver.createArgumentArray(ConstructorResolver.java:791)
	at org.springframework.beans.factory.support.ConstructorResolver.instantiateUsingFactoryMethod(ConstructorResolver.java:541)
	at org.springframework.beans.factory.support.AbstractAutowireCapableBeanFactory.instantiateUsingFactoryMethod(AbstractAutowireCapableBeanFactory.java:1352)
	at org.springframework.beans.factory.support.AbstractAutowireCapableBeanFactory.createBeanInstance(AbstractAutowireCapableBeanFactory.java:1195)
	at org.springframework.beans.factory.support.AbstractAutowireCapableBeanFactory.doCreateBean(AbstractAutowireCapableBeanFactory.java:582)
	at org.springframework.beans.factory.support.AbstractAutowireCapableBeanFactory.createBean(AbstractAutowireCapableBeanFactory.java:542)
	at org.springframework.beans.factory.support.AbstractBeanFactory.lambda$doGetBean$0(AbstractBeanFactory.java:335)
	at org.springframework.beans.factory.support.DefaultSingletonBeanRegistry.getSingleton(DefaultSingletonBeanRegistry.java:234)
	at org.springframework.beans.factory.support.AbstractBeanFactory.doGetBean(AbstractBeanFactory.java:333)
	at org.springframework.beans.factory.support.AbstractBeanFactory.getBean(AbstractBeanFactory.java:208)
	at org.springframework.beans.factory.support.DefaultListableBeanFactory.preInstantiateSingletons(DefaultListableBeanFactory.java:955)
	at org.springframework.context.support.AbstractApplicationContext.finishBeanFactoryInitialization(AbstractApplicationContext.java:918)
	at org.springframework.context.support.AbstractApplicationContext.refresh(AbstractApplicationContext.java:583)
	at org.springframework.boot.web.servlet.context.ServletWebServerApplicationContext.refresh(ServletWebServerApplicationContext.java:147)
	at org.springframework.boot.SpringApplication.refresh(SpringApplication.java:734)
	at org.springframework.boot.SpringApplication.refreshContext(SpringApplication.java:408)
	at org.springframework.boot.SpringApplication.run(SpringApplication.java:308)
	at org.springframework.boot.SpringApplication.run(SpringApplication.java:1306)
	at org.springframework.boot.SpringApplication.run(SpringApplication.java:1295)
	at com.blog.server.BlogServerApplication.main(BlogServerApplication.java:10)
2023-06-22 18:14:06.062|blog-server|env_IS_UNDEFINED|WARN |main|org.springframework.context.support.AbstractApplicationContext:refresh:591| - Exception encountered during context initialization - cancelling refresh attempt: org.springframework.beans.factory.UnsatisfiedDependencyException: Error creating bean with name 'jdbcMappingContext' defined in class path resource [org/springframework/boot/autoconfigure/data/jdbc/JdbcRepositoriesAutoConfiguration$SpringBootJdbcConfiguration.class]: Unsatisfied dependency expressed through method 'jdbcMappingContext' parameter 1; nested exception is org.springframework.beans.factory.BeanCreationException: Error creating bean with name 'jdbcCustomConversions' defined in class path resource [org/springframework/boot/autoconfigure/data/jdbc/JdbcRepositoriesAutoConfiguration$SpringBootJdbcConfiguration.class]: Bean instantiation via factory method failed; nested exception is org.springframework.beans.BeanInstantiationException: Failed to instantiate [org.springframework.data.jdbc.core.convert.JdbcCustomConversions]: Factory method 'jdbcCustomConversions' threw exception; nested exception is org.springframework.beans.factory.BeanCreationException: Error creating bean with name 'jdbcDialect' defined in class path resource [org/springframework/boot/autoconfigure/data/jdbc/JdbcRepositoriesAutoConfiguration$SpringBootJdbcConfiguration.class]: Bean instantiation via factory method failed; nested exception is org.springframework.beans.BeanInstantiationException: Failed to instantiate [org.springframework.data.relational.core.dialect.Dialect]: Factory method 'jdbcDialect' threw exception; nested exception is org.springframework.jdbc.CannotGetJdbcConnectionException: Failed to obtain JDBC Connection; nested exception is java.sql.SQLSyntaxErrorException: Unknown database 'blog'
2023-06-22 18:14:06.083|blog-server|env_IS_UNDEFINED|INFO |main|org.apache.juli.logging.DirectJDKLog:log:173| - Stopping service [Tomcat]
2023-06-22 18:14:06.094|blog-server|env_IS_UNDEFINED|INFO |main|org.springframework.boot.autoconfigure.logging.ConditionEvaluationReportLoggingListener:logMessage:136| - 

Error starting ApplicationContext. To display the conditions report re-run your application with 'debug' enabled.
2023-06-22 18:14:06.108|blog-server|env_IS_UNDEFINED|ERROR|main|org.springframework.boot.SpringApplication:reportFailure:824| - Application run failed
org.springframework.beans.factory.UnsatisfiedDependencyException: Error creating bean with name 'jdbcMappingContext' defined in class path resource [org/springframework/boot/autoconfigure/data/jdbc/JdbcRepositoriesAutoConfiguration$SpringBootJdbcConfiguration.class]: Unsatisfied dependency expressed through method 'jdbcMappingContext' parameter 1; nested exception is org.springframework.beans.factory.BeanCreationException: Error creating bean with name 'jdbcCustomConversions' defined in class path resource [org/springframework/boot/autoconfigure/data/jdbc/JdbcRepositoriesAutoConfiguration$SpringBootJdbcConfiguration.class]: Bean instantiation via factory method failed; nested exception is org.springframework.beans.BeanInstantiationException: Failed to instantiate [org.springframework.data.jdbc.core.convert.JdbcCustomConversions]: Factory method 'jdbcCustomConversions' threw exception; nested exception is org.springframework.beans.factory.BeanCreationException: Error creating bean with name 'jdbcDialect' defined in class path resource [org/springframework/boot/autoconfigure/data/jdbc/JdbcRepositoriesAutoConfiguration$SpringBootJdbcConfiguration.class]: Bean instantiation via factory method failed; nested exception is org.springframework.beans.BeanInstantiationException: Failed to instantiate [org.springframework.data.relational.core.dialect.Dialect]: Factory method 'jdbcDialect' threw exception; nested exception is org.springframework.jdbc.CannotGetJdbcConnectionException: Failed to obtain JDBC Connection; nested exception is java.sql.SQLSyntaxErrorException: Unknown database 'blog'
	at org.springframework.beans.factory.support.ConstructorResolver.createArgumentArray(ConstructorResolver.java:800)
	at org.springframework.beans.factory.support.ConstructorResolver.instantiateUsingFactoryMethod(ConstructorResolver.java:541)
	at org.springframework.beans.factory.support.AbstractAutowireCapableBeanFactory.instantiateUsingFactoryMethod(AbstractAutowireCapableBeanFactory.java:1352)
	at org.springframework.beans.factory.support.AbstractAutowireCapableBeanFactory.createBeanInstance(AbstractAutowireCapableBeanFactory.java:1195)
	at org.springframework.beans.factory.support.AbstractAutowireCapableBeanFactory.doCreateBean(AbstractAutowireCapableBeanFactory.java:582)
	at org.springframework.beans.factory.support.AbstractAutowireCapableBeanFactory.createBean(AbstractAutowireCapableBeanFactory.java:542)
	at org.springframework.beans.factory.support.AbstractBeanFactory.lambda$doGetBean$0(AbstractBeanFactory.java:335)
	at org.springframework.beans.factory.support.DefaultSingletonBeanRegistry.getSingleton(DefaultSingletonBeanRegistry.java:234)
	at org.springframework.beans.factory.support.AbstractBeanFactory.doGetBean(AbstractBeanFactory.java:333)
	at org.springframework.beans.factory.support.AbstractBeanFactory.getBean(AbstractBeanFactory.java:208)
	at org.springframework.beans.factory.support.DefaultListableBeanFactory.preInstantiateSingletons(DefaultListableBeanFactory.java:955)
	at org.springframework.context.support.AbstractApplicationContext.finishBeanFactoryInitialization(AbstractApplicationContext.java:918)
	at org.springframework.context.support.AbstractApplicationContext.refresh(AbstractApplicationContext.java:583)
	at org.springframework.boot.web.servlet.context.ServletWebServerApplicationContext.refresh(ServletWebServerApplicationContext.java:147)
	at org.springframework.boot.SpringApplication.refresh(SpringApplication.java:734)
	at org.springframework.boot.SpringApplication.refreshContext(SpringApplication.java:408)
	at org.springframework.boot.SpringApplication.run(SpringApplication.java:308)
	at org.springframework.boot.SpringApplication.run(SpringApplication.java:1306)
	at org.springframework.boot.SpringApplication.run(SpringApplication.java:1295)
	at com.blog.server.BlogServerApplication.main(BlogServerApplication.java:10)
Caused by: org.springframework.beans.factory.BeanCreationException: Error creating bean with name 'jdbcCustomConversions' defined in class path resource [org/springframework/boot/autoconfigure/data/jdbc/JdbcRepositoriesAutoConfiguration$SpringBootJdbcConfiguration.class]: Bean instantiation via factory method failed; nested exception is org.springframework.beans.BeanInstantiationException: Failed to instantiate [org.springframework.data.jdbc.core.convert.JdbcCustomConversions]: Factory method 'jdbcCustomConversions' threw exception; nested exception is org.springframework.beans.factory.BeanCreationException: Error creating bean with name 'jdbcDialect' defined in class path resource [org/springframework/boot/autoconfigure/data/jdbc/JdbcRepositoriesAutoConfiguration$SpringBootJdbcConfiguration.class]: Bean instantiation via factory method failed; nested exception is org.springframework.beans.BeanInstantiationException: Failed to instantiate [org.springframework.data.relational.core.dialect.Dialect]: Factory method 'jdbcDialect' threw exception; nested exception is org.springframework.jdbc.CannotGetJdbcConnectionException: Failed to obtain JDBC Connection; nested exception is java.sql.SQLSyntaxErrorException: Unknown database 'blog'
	at org.springframework.beans.factory.support.ConstructorResolver.instantiate(ConstructorResolver.java:658)
	at org.springframework.beans.factory.support.ConstructorResolver.instantiateUsingFactoryMethod(ConstructorResolver.java:486)
	at org.springframework.beans.factory.support.AbstractAutowireCapableBeanFactory.instantiateUsingFactoryMethod(AbstractAutowireCapableBeanFactory.java:1352)
	at org.springframework.beans.factory.support.AbstractAutowireCapableBeanFactory.createBeanInstance(AbstractAutowireCapableBeanFactory.java:1195)
	at org.springframework.beans.factory.support.AbstractAutowireCapableBeanFactory.doCreateBean(AbstractAutowireCapableBeanFactory.java:582)
	at org.springframework.beans.factory.support.AbstractAutowireCapableBeanFactory.createBean(AbstractAutowireCapableBeanFactory.java:542)
	at org.springframework.beans.factory.support.AbstractBeanFactory.lambda$doGetBean$0(AbstractBeanFactory.java:335)
	at org.springframework.beans.factory.support.DefaultSingletonBeanRegistry.getSingleton(DefaultSingletonBeanRegistry.java:234)
	at org.springframework.beans.factory.support.AbstractBeanFactory.doGetBean(AbstractBeanFactory.java:333)
	at org.springframework.beans.factory.support.AbstractBeanFactory.getBean(AbstractBeanFactory.java:208)
	at org.springframework.beans.factory.config.DependencyDescriptor.resolveCandidate(DependencyDescriptor.java:276)
	at org.springframework.beans.factory.support.DefaultListableBeanFactory.doResolveDependency(DefaultListableBeanFactory.java:1391)
	at org.springframework.beans.factory.support.DefaultListableBeanFactory.resolveDependency(DefaultListableBeanFactory.java:1311)
	at org.springframework.beans.factory.support.ConstructorResolver.resolveAutowiredArgument(ConstructorResolver.java:887)
	at org.springframework.beans.factory.support.ConstructorResolver.createArgumentArray(ConstructorResolver.java:791)
	... 19 common frames omitted
Caused by: org.springframework.beans.BeanInstantiationException: Failed to instantiate [org.springframework.data.jdbc.core.convert.JdbcCustomConversions]: Factory method 'jdbcCustomConversions' threw exception; nested exception is org.springframework.beans.factory.BeanCreationException: Error creating bean with name 'jdbcDialect' defined in class path resource [org/springframework/boot/autoconfigure/data/jdbc/JdbcRepositoriesAutoConfiguration$SpringBootJdbcConfiguration.class]: Bean instantiation via factory method failed; nested exception is org.springframework.beans.BeanInstantiationException: Failed to instantiate [org.springframework.data.relational.core.dialect.Dialect]: Factory method 'jdbcDialect' threw exception; nested exception is org.springframework.jdbc.CannotGetJdbcConnectionException: Failed to obtain JDBC Connection; nested exception is java.sql.SQLSyntaxErrorException: Unknown database 'blog'
	at org.springframework.beans.factory.support.SimpleInstantiationStrategy.instantiate(SimpleInstantiationStrategy.java:185)
	at org.springframework.beans.factory.support.ConstructorResolver.instantiate(ConstructorResolver.java:653)
	... 33 common frames omitted
Caused by: org.springframework.beans.factory.BeanCreationException: Error creating bean with name 'jdbcDialect' defined in class path resource [org/springframework/boot/autoconfigure/data/jdbc/JdbcRepositoriesAutoConfiguration$SpringBootJdbcConfiguration.class]: Bean instantiation via factory method failed; nested exception is org.springframework.beans.BeanInstantiationException: Failed to instantiate [org.springframework.data.relational.core.dialect.Dialect]: Factory method 'jdbcDialect' threw exception; nested exception is org.springframework.jdbc.CannotGetJdbcConnectionException: Failed to obtain JDBC Connection; nested exception is java.sql.SQLSyntaxErrorException: Unknown database 'blog'
	at org.springframework.beans.factory.support.ConstructorResolver.instantiate(ConstructorResolver.java:658)
	at org.springframework.beans.factory.support.ConstructorResolver.instantiateUsingFactoryMethod(ConstructorResolver.java:638)
	at org.springframework.beans.factory.support.AbstractAutowireCapableBeanFactory.instantiateUsingFactoryMethod(AbstractAutowireCapableBeanFactory.java:1352)
	at org.springframework.beans.factory.support.AbstractAutowireCapableBeanFactory.createBeanInstance(AbstractAutowireCapableBeanFactory.java:1195)
	at org.springframework.beans.factory.support.AbstractAutowireCapableBeanFactory.doCreateBean(AbstractAutowireCapableBeanFactory.java:582)
	at org.springframework.beans.factory.support.AbstractAutowireCapableBeanFactory.createBean(AbstractAutowireCapableBeanFactory.java:542)
	at org.springframework.beans.factory.support.AbstractBeanFactory.lambda$doGetBean$0(AbstractBeanFactory.java:335)
	at org.springframework.beans.factory.support.DefaultSingletonBeanRegistry.getSingleton(DefaultSingletonBeanRegistry.java:234)
	at org.springframework.beans.factory.support.AbstractBeanFactory.doGetBean(AbstractBeanFactory.java:333)
	at org.springframework.beans.factory.support.AbstractBeanFactory.getBean(AbstractBeanFactory.java:233)
	at org.springframework.beans.factory.support.DefaultListableBeanFactory.resolveNamedBean(DefaultListableBeanFactory.java:1284)
	at org.springframework.beans.factory.support.DefaultListableBeanFactory.resolveNamedBean(DefaultListableBeanFactory.java:1245)
	at org.springframework.beans.factory.support.DefaultListableBeanFactory.resolveBean(DefaultListableBeanFactory.java:494)
	at org.springframework.beans.factory.support.DefaultListableBeanFactory.getBean(DefaultListableBeanFactory.java:349)
	at org.springframework.beans.factory.support.DefaultListableBeanFactory.getBean(DefaultListableBeanFactory.java:342)
	at org.springframework.context.support.AbstractApplicationContext.getBean(AbstractApplicationContext.java:1172)
	at org.springframework.data.jdbc.repository.config.AbstractJdbcConfiguration.jdbcCustomConversions(AbstractJdbcConfiguration.java:117)
	at java.base/jdk.internal.reflect.DirectMethodHandleAccessor.invoke(DirectMethodHandleAccessor.java:104)
	at java.base/java.lang.reflect.Method.invoke(Method.java:578)
	at org.springframework.beans.factory.support.SimpleInstantiationStrategy.instantiate(SimpleInstantiationStrategy.java:154)
	... 34 common frames omitted
Caused by: org.springframework.beans.BeanInstantiationException: Failed to instantiate [org.springframework.data.relational.core.dialect.Dialect]: Factory method 'jdbcDialect' threw exception; nested exception is org.springframework.jdbc.CannotGetJdbcConnectionException: Failed to obtain JDBC Connection; nested exception is java.sql.SQLSyntaxErrorException: Unknown database 'blog'
	at org.springframework.beans.factory.support.SimpleInstantiationStrategy.instantiate(SimpleInstantiationStrategy.java:185)
	at org.springframework.beans.factory.support.ConstructorResolver.instantiate(ConstructorResolver.java:653)
	... 53 common frames omitted
Caused by: org.springframework.jdbc.CannotGetJdbcConnectionException: Failed to obtain JDBC Connection; nested exception is java.sql.SQLSyntaxErrorException: Unknown database 'blog'
	at org.springframework.jdbc.datasource.DataSourceUtils.getConnection(DataSourceUtils.java:83)
	at org.springframework.jdbc.core.JdbcTemplate.execute(JdbcTemplate.java:330)
	at org.springframework.data.jdbc.repository.config.DialectResolver$DefaultDialectProvider.getDialect(DialectResolver.java:108)
	at org.springframework.data.jdbc.repository.config.DialectResolver.lambda$getDialect$0(DialectResolver.java:78)
	at java.base/java.util.stream.ReferencePipeline$3$1.accept(ReferencePipeline.java:197)
	at java.base/java.util.ArrayList$ArrayListSpliterator.tryAdvance(ArrayList.java:1602)
	at java.base/java.util.stream.ReferencePipeline.forEachWithCancel(ReferencePipeline.java:129)
	at java.base/java.util.stream.AbstractPipeline.copyIntoWithCancel(AbstractPipeline.java:527)
	at java.base/java.util.stream.AbstractPipeline.copyInto(AbstractPipeline.java:513)
	at java.base/java.util.stream.AbstractPipeline.wrapAndCopyInto(AbstractPipeline.java:499)
	at java.base/java.util.stream.FindOps$FindOp.evaluateSequential(FindOps.java:150)
	at java.base/java.util.stream.AbstractPipeline.evaluate(AbstractPipeline.java:234)
	at java.base/java.util.stream.ReferencePipeline.findFirst(ReferencePipeline.java:647)
	at org.springframework.data.jdbc.repository.config.DialectResolver.getDialect(DialectResolver.java:80)
	at org.springframework.data.jdbc.repository.config.AbstractJdbcConfiguration.jdbcDialect(AbstractJdbcConfiguration.java:186)
	at java.base/jdk.internal.reflect.DirectMethodHandleAccessor.invoke(DirectMethodHandleAccessor.java:104)
	at java.base/java.lang.reflect.Method.invoke(Method.java:578)
	at org.springframework.beans.factory.support.SimpleInstantiationStrategy.instantiate(SimpleInstantiationStrategy.java:154)
	... 54 common frames omitted
Caused by: java.sql.SQLSyntaxErrorException: Unknown database 'blog'
	at com.mysql.cj.jdbc.exceptions.SQLError.createSQLException(SQLError.java:120)
	at com.mysql.cj.jdbc.exceptions.SQLExceptionsMapping.translateException(SQLExceptionsMapping.java:122)
	at com.mysql.cj.jdbc.ConnectionImpl.createNewIO(ConnectionImpl.java:828)
	at com.mysql.cj.jdbc.ConnectionImpl.<init>(ConnectionImpl.java:448)
	at com.mysql.cj.jdbc.ConnectionImpl.getInstance(ConnectionImpl.java:241)
	at com.mysql.cj.jdbc.NonRegisteringDriver.connect(NonRegisteringDriver.java:198)
	at com.zaxxer.hikari.util.DriverDataSource.getConnection(DriverDataSource.java:138)
	at com.zaxxer.hikari.pool.PoolBase.newConnection(PoolBase.java:364)
	at com.zaxxer.hikari.pool.PoolBase.newPoolEntry(PoolBase.java:206)
	at com.zaxxer.hikari.pool.HikariPool.createPoolEntry(HikariPool.java:476)
	at com.zaxxer.hikari.pool.HikariPool.checkFailFast(HikariPool.java:561)
	at com.zaxxer.hikari.pool.HikariPool.<init>(HikariPool.java:115)
	at com.zaxxer.hikari.HikariDataSource.getConnection(HikariDataSource.java:112)
	at org.springframework.jdbc.datasource.DataSourceUtils.fetchConnection(DataSourceUtils.java:159)
	at org.springframework.jdbc.datasource.DataSourceUtils.doGetConnection(DataSourceUtils.java:117)
	at org.springframework.jdbc.datasource.DataSourceUtils.getConnection(DataSourceUtils.java:80)
	... 71 common frames omitted
2023-06-22 18:14:41.099|blog-server|env_IS_UNDEFINED|INFO |background-preinit|org.hibernate.validator.internal.util.Version:<clinit>:21| - HV000001: Hibernate Validator 6.2.4.Final
2023-06-22 18:14:41.459|blog-server|env_IS_UNDEFINED|INFO |main|org.springframework.data.repository.config.RepositoryConfigurationDelegate:multipleStoresDetected:262| - Multiple Spring Data modules found, entering strict repository configuration mode
2023-06-22 18:14:41.460|blog-server|env_IS_UNDEFINED|INFO |main|org.springframework.data.repository.config.RepositoryConfigurationDelegate:registerRepositoriesIn:132| - Bootstrapping Spring Data JDBC repositories in DEFAULT mode.
2023-06-22 18:14:41.467|blog-server|env_IS_UNDEFINED|INFO |main|org.springframework.data.repository.config.RepositoryConfigurationDelegate:registerRepositoriesIn:201| - Finished Spring Data repository scanning in 5 ms. Found 0 JDBC repository interfaces.
2023-06-22 18:14:41.474|blog-server|env_IS_UNDEFINED|INFO |main|org.springframework.data.repository.config.RepositoryConfigurationDelegate:multipleStoresDetected:262| - Multiple Spring Data modules found, entering strict repository configuration mode
2023-06-22 18:14:41.475|blog-server|env_IS_UNDEFINED|INFO |main|org.springframework.data.repository.config.RepositoryConfigurationDelegate:registerRepositoriesIn:132| - Bootstrapping Spring Data Redis repositories in DEFAULT mode.
2023-06-22 18:14:41.481|blog-server|env_IS_UNDEFINED|INFO |main|org.springframework.data.repository.config.RepositoryConfigurationDelegate:registerRepositoriesIn:201| - Finished Spring Data repository scanning in 2 ms. Found 0 Redis repository interfaces.
2023-06-22 18:14:41.762|blog-server|env_IS_UNDEFINED|INFO |main|org.springframework.boot.web.embedded.tomcat.TomcatWebServer:initialize:108| - Tomcat initialized with port(s): 8080 (http)
2023-06-22 18:14:41.769|blog-server|env_IS_UNDEFINED|INFO |main|org.apache.juli.logging.DirectJDKLog:log:173| - Initializing ProtocolHandler ["http-nio-8080"]
2023-06-22 18:14:41.769|blog-server|env_IS_UNDEFINED|INFO |main|org.apache.juli.logging.DirectJDKLog:log:173| - Starting service [Tomcat]
2023-06-22 18:14:41.769|blog-server|env_IS_UNDEFINED|INFO |main|org.apache.juli.logging.DirectJDKLog:log:173| - Starting Servlet engine: [Apache Tomcat/9.0.65]
2023-06-22 18:14:41.809|blog-server|env_IS_UNDEFINED|INFO |main|org.apache.juli.logging.DirectJDKLog:log:173| - Initializing Spring embedded WebApplicationContext
2023-06-22 18:14:41.810|blog-server|env_IS_UNDEFINED|INFO |main|org.springframework.boot.web.servlet.context.ServletWebServerApplicationContext:prepareWebApplicationContext:292| - Root WebApplicationContext: initialization completed in 667 ms
2023-06-22 18:14:41.922|blog-server|env_IS_UNDEFINED|WARN |main|com.baomidou.mybatisplus.core.metadata.TableInfoHelper:initTableFields:342| - Can not find table primary key in Class: "com.blog.common.entity.ArticleComment".
2023-06-22 18:14:41.924|blog-server|env_IS_UNDEFINED|WARN |main|com.baomidou.mybatisplus.core.injector.DefaultSqlInjector:getMethodList:56| - class com.blog.common.entity.ArticleComment ,Not found @TableId annotation, Cannot use Mybatis-Plus 'xxById' Method.
2023-06-22 18:14:41.976|blog-server|env_IS_UNDEFINED|WARN |main|com.baomidou.mybatisplus.core.metadata.TableInfoHelper:initTableFields:342| - Can not find table primary key in Class: "com.blog.common.entity.ArticleTag".
2023-06-22 18:14:41.976|blog-server|env_IS_UNDEFINED|WARN |main|com.baomidou.mybatisplus.core.injector.DefaultSqlInjector:getMethodList:56| - class com.blog.common.entity.ArticleTag ,Not found @TableId annotation, Cannot use Mybatis-Plus 'xxById' Method.
2023-06-22 18:14:42.377|blog-server|env_IS_UNDEFINED|INFO |main|com.zaxxer.hikari.HikariDataSource:getConnection:110| - HikariCP-financial - Starting...
2023-06-22 18:14:42.532|blog-server|env_IS_UNDEFINED|INFO |main|com.zaxxer.hikari.HikariDataSource:getConnection:123| - HikariCP-financial - Start completed.
2023-06-22 18:14:42.594|blog-server|env_IS_UNDEFINED|INFO |main|org.apache.juli.logging.DirectJDKLog:log:173| - Starting ProtocolHandler ["http-nio-8080"]
2023-06-22 18:14:42.603|blog-server|env_IS_UNDEFINED|INFO |main|org.springframework.boot.web.embedded.tomcat.TomcatWebServer:start:220| - Tomcat started on port(s): 8080 (http) with context path ''
